#
# A fatal error has been detected by the Java Runtime Environment:
#
#  SIGSEGV (0xb) at pc=0x00007fff3aba56b6, pid=59952, tid=0x0000000000001903
#
# JRE version: Java(TM) SE Runtime Environment (8.0_192-b12) (build 1.8.0_192-b12)
# Java VM: Java HotSpot(TM) 64-Bit Server VM (25.192-b12 mixed mode bsd-amd64 compressed oops)
# Problematic frame:
# C  [GLEngine+0x1476b6]  gleRunVertexSubmitImmediate+0x1e36
#
# Failed to write core dump. Core dumps have been disabled. To enable core dumping, try "ulimit -c unlimited" before starting Java again
#
# If you would like to submit a bug report, please visit:
#   http://bugreport.java.com/bugreport/crash.jsp
# The crash happened outside the Java Virtual Machine in native code.
# See problematic frame for where to report the bug.
#

---------------  T H R E A D  ---------------

Current thread (0x00007fbad8005800):  JavaThread "main" [_thread_in_native, id=6403, stack(0x0000700003a4c000,0x0000700003b4c000)]

siginfo: si_signo: 11 (SIGSEGV), si_code: 1 (SEGV_MAPERR), si_addr: 0x0000000000000008

Registers:
RAX=0x0000000000000006, RBX=0x0000000000000006, RCX=0x0000000000000003, RDX=0x0000000003300000
RSP=0x0000700003b4b3a0, RBP=0x0000700003b4b540, RSI=0x0000000000000000, RDI=0x00007fff3aba527e
R8 =0x00007fbad5a0bc00, R9 =0x00007fbad577e550, R10=0x0000000000000003, R11=0x0000000000000003
R12=0x0000000002126000, R13=0x0000000000000c33, R14=0x0000000000000000, R15=0x00000c3300849800
RIP=0x00007fff3aba56b6, EFLAGS=0x0000000000010297, ERR=0x0000000000000004
  TRAPNO=0x000000000000000e

Top of Stack: (sp=0x0000700003b4b3a0)
0x0000700003b4b3a0:   0000000186601093 00007fbad5a0c120
0x0000700003b4b3b0:   00007fbad5a0bd40 00007fbad5a0bd70
0x0000700003b4b3c0:   00007fbad5a0bd50 00007fbad5a0bd80
0x0000700003b4b3d0:   00007fbad5a0bd60 00007fbad5a0bda0
0x0000700003b4b3e0:   0000000000000000 0000000000000000
0x0000700003b4b3f0:   0000000000000001 00007fba00000001
0x0000700003b4b400:   00007fbad5a0bd90 0000000000000003
0x0000700003b4b410:   00007fbad577e550 00007fba00000022
0x0000700003b4b420:   0000000000000000 0000000000000000
0x0000700003b4b430:   0000000003b4b4d0 0000700003b4b4d8
0x0000700003b4b440:   0000000000000000 0000000000000001
0x0000700003b4b450:   fffffffffffffffe 00007fbad5a0bda0
0x0000700003b4b460:   000000060000001f 00007fbad5a0bc00
0x0000700003b4b470:   0000000000000000 0000000000000000
0x0000700003b4b480:   fc00000000000000 0000000000000000
0x0000700003b4b490:   0000001000000001 00007fbad5a0bc00
0x0000700003b4b4a0:   0000000000000000 0000000000000000
0x0000700003b4b4b0:   0000000000000000 00007fff292d87f9
0x0000700003b4b4c0:   0000000000001548 00007fbad5a19230
0x0000700003b4b4d0:   0000000000000000 0000000126aa4000
0x0000700003b4b4e0:   0000000126aa4120 00000001127bc000
0x0000700003b4b4f0:   00007fbad5a0f9a0 00007fbad5a0fbb0
0x0000700003b4b500:   00007fbad6a3b9a0 0000000000000000
0x0000700003b4b510:   4b312dc94c69004e 0000000000000000
0x0000700003b4b520:   00007fbad5a0bc00 0000000000000006
0x0000700003b4b530:   0000000000000006 0000000000000006
0x0000700003b4b540:   0000700003b4b5a0 00007fff3ab08abb
0x0000700003b4b550:   00000007c00b8490 00007fbad6a3ba20
0x0000700003b4b560:   0000000000000004 0000000000000004
0x0000700003b4b570:   0000000000000006 00000007c00b6b48
0x0000700003b4b580:   0000000000000000 0000700003b4b700
0x0000700003b4b590:   0000700003b4b5e8 00007fbad8005800 

Instructions: (pc=0x00007fff3aba56b6)
0x00007fff3aba5696:   f2 0f 10 0e 0f 16 c8 0f 5b e1 41 0f 59 a0 a0 01
0x00007fff3aba56a6:   00 00 e9 53 0e 00 00 31 ff 31 c0 e9 e1 fa ff ff
0x00007fff3aba56b6:   f3 0f 10 46 08 f2 0f 10 26 0f 16 e0 e9 39 0e 00
0x00007fff3aba56c6:   00 31 ff 31 f6 e9 20 fd ff ff 4c 8b b5 b0 fe ff 

Register to memory mapping:

RAX=0x0000000000000006 is an unknown value
RBX=0x0000000000000006 is an unknown value
RCX=0x0000000000000003 is an unknown value
RDX=0x0000000003300000 is an unknown value
RSP=0x0000700003b4b3a0 is pointing into the stack for thread: 0x00007fbad8005800
RBP=0x0000700003b4b540 is pointing into the stack for thread: 0x00007fbad8005800
RSI=0x0000000000000000 is an unknown value
RDI=0x00007fff3aba527e: gleRunVertexSubmitImmediate+0x19fe in /System/Library/Frameworks/OpenGL.framework/Versions/A/Resources/GLEngine.bundle/GLEngine at 0x00007fff3aa5e000
R8 =0x00007fbad5a0bc00 is an unknown value
R9 =0x00007fbad577e550 is an unknown value
R10=0x0000000000000003 is an unknown value
R11=0x0000000000000003 is an unknown value
R12=0x0000000002126000 is an unknown value
R13=0x0000000000000c33 is an unknown value
R14=0x0000000000000000 is an unknown value
R15=0x00000c3300849800 is an unknown value


Stack: [0x0000700003a4c000,0x0000700003b4c000],  sp=0x0000700003b4b3a0,  free space=1020k
Native frames: (J=compiled Java code, j=interpreted, Vv=VM code, C=native code)
C  [GLEngine+0x1476b6]  gleRunVertexSubmitImmediate+0x1e36
C  [GLEngine+0xaaabb]  glDrawElements_GL3Exec+0x250
J 708  org.lwjgl.opengl.GL11.nglDrawElementsBO(IIIJJ)V (0 bytes) @ 0x0000000113fd0508 [0x0000000113fd0440+0xc8]
J 706 C1 org.lwjgl.opengl.GL11.glDrawElements(IIIJ)V (32 bytes) @ 0x0000000113fd391c [0x0000000113fd3420+0x4fc]
j  renderEngine.TerrainRenderer.render(Ljava/util/List;)V+42
j  renderEngine.MasterRenderer.render(Lentities/Light;Lentities/Camera;)V+89
j  connection.ClientType.render()V+104
j  engineTester.Simulator.run()V+11
j  engineTester.Simulator.<init>()V+16
j  engineTester.Simulator.main([Ljava/lang/String;)V+3
v  ~StubRoutines::call_stub
V  [libjvm.dylib+0x2f020a]  JavaCalls::call_helper(JavaValue*, methodHandle*, JavaCallArguments*, Thread*)+0x6ae
V  [libjvm.dylib+0x3271b1]  jni_invoke_static(JNIEnv_*, JavaValue*, _jobject*, JNICallType, _jmethodID*, JNI_ArgumentPusher*, Thread*)+0x1bf
V  [libjvm.dylib+0x31ff3d]  jni_CallStaticVoidMethod+0x15d
C  [java+0x38c6]  JavaMain+0x9c4
C  [libsystem_pthread.dylib+0x3339]  _pthread_body+0x7e
C  [libsystem_pthread.dylib+0x62a7]  _pthread_start+0x46
C  [libsystem_pthread.dylib+0x2445]  thread_start+0xd
C  0x0000000000000000

Java frames: (J=compiled Java code, j=interpreted, Vv=VM code)
J 708  org.lwjgl.opengl.GL11.nglDrawElementsBO(IIIJJ)V (0 bytes) @ 0x0000000113fd048e [0x0000000113fd0440+0x4e]
J 706 C1 org.lwjgl.opengl.GL11.glDrawElements(IIIJ)V (32 bytes) @ 0x0000000113fd391c [0x0000000113fd3420+0x4fc]
j  renderEngine.TerrainRenderer.render(Ljava/util/List;)V+42
j  renderEngine.MasterRenderer.render(Lentities/Light;Lentities/Camera;)V+89
j  connection.ClientType.render()V+104
j  engineTester.Simulator.run()V+11
j  engineTester.Simulator.<init>()V+16
j  engineTester.Simulator.main([Ljava/lang/String;)V+3
v  ~StubRoutines::call_stub

---------------  P R O C E S S  ---------------

Java Threads: ( => current thread )
  0x00007fbad6882800 JavaThread "AWT-Shutdown" [_thread_blocked, id=25639, stack(0x0000700004d85000,0x0000700004e85000)]
  0x00007fbad6928000 JavaThread "AppKit Thread" daemon [_thread_in_native, id=775, stack(0x00007ffeea33d000,0x00007ffeeab3d000)]
  0x00007fbad8802000 JavaThread "Service Thread" daemon [_thread_blocked, id=14851, stack(0x0000700004b7f000,0x0000700004c7f000)]
  0x00007fbad8024800 JavaThread "C1 CompilerThread3" daemon [_thread_blocked, id=15363, stack(0x0000700004a7c000,0x0000700004b7c000)]
  0x00007fbad8024000 JavaThread "C2 CompilerThread2" daemon [_thread_in_native, id=15875, stack(0x0000700004979000,0x0000700004a79000)]
  0x00007fbad6029000 JavaThread "C2 CompilerThread1" daemon [_thread_blocked, id=13827, stack(0x0000700004876000,0x0000700004976000)]
  0x00007fbad601a000 JavaThread "C2 CompilerThread0" daemon [_thread_blocked, id=13571, stack(0x0000700004773000,0x0000700004873000)]
  0x00007fbad600a800 JavaThread "Signal Dispatcher" daemon [_thread_blocked, id=16643, stack(0x0000700004670000,0x0000700004770000)]
  0x00007fbad6824800 JavaThread "Finalizer" daemon [_thread_blocked, id=18179, stack(0x000070000456d000,0x000070000466d000)]
  0x00007fbad8023000 JavaThread "Reference Handler" daemon [_thread_blocked, id=18691, stack(0x000070000446a000,0x000070000456a000)]
=>0x00007fbad8005800 JavaThread "main" [_thread_in_native, id=6403, stack(0x0000700003a4c000,0x0000700003b4c000)]

Other Threads:
  0x00007fbad5814000 VMThread [stack: 0x0000700004367000,0x0000700004467000] [id=19203]
  0x00007fbad6843000 WatcherThread [stack: 0x0000700004c82000,0x0000700004d82000] [id=14083]

VM state:not at safepoint (normal execution)

VM Mutex/Monitor currently owned by a thread: None

heap address: 0x0000000740000000, size: 2048 MB, Compressed Oops mode: Zero based, Oop shift amount: 3
Narrow klass base: 0x0000000000000000, Narrow klass shift: 3
Compressed class space size: 1073741824 Address: 0x00000007c0000000

Heap:
 PSYoungGen      total 71680K, used 51951K [0x0000000795580000, 0x000000079a080000, 0x00000007c0000000)
  eden space 66560K, 70% used [0x0000000795580000,0x000000079833c828,0x0000000799680000)
  from space 5120K, 99% used [0x0000000799b80000,0x000000079a07f500,0x000000079a080000)
  to   space 5120K, 0% used [0x0000000799680000,0x0000000799680000,0x0000000799b80000)
 ParOldGen       total 87552K, used 29769K [0x0000000740000000, 0x0000000745580000, 0x0000000795580000)
  object space 87552K, 34% used [0x0000000740000000,0x0000000741d12610,0x0000000745580000)
 Metaspace       used 7080K, capacity 7221K, committed 7424K, reserved 1056768K
  class space    used 698K, capacity 761K, committed 768K, reserved 1048576K

Card table byte_map: [0x0000000107576000,0x0000000107977000] byte_map_base: 0x0000000103b76000

Marking Bits: (ParMarkBitMap*) 0x0000000106afae40
 Begin Bits: [0x0000000107c22000, 0x0000000109c22000)
 End Bits:   [0x0000000109c22000, 0x000000010bc22000)

Polling page: 0x0000000105136000

CodeCache: size=245760Kb used=3032Kb max_used=3032Kb free=242727Kb
 bounds [0x0000000113cdd000, 0x0000000113fdd000, 0x0000000122cdd000]
 total_blobs=1121 nmethods=707 adapters=328
 compilation: enabled

Compilation events (10 events):
Event: 1.696 Thread 0x00007fbad6029000 nmethod 705 0x0000000113fd2f90 code [0x0000000113fd30e0, 0x0000000113fd3178]
Event: 1.696 Thread 0x00007fbad8024800 nmethod 702 0x0000000113fd1510 code [0x0000000113fd1800, 0x0000000113fd25e8]
Event: 1.696 Thread 0x00007fbad8024800  703       3       org.lwjgl.util.vector.Matrix4f::scale (170 bytes)
Event: 1.696 Thread 0x00007fbad8024800 nmethod 703 0x0000000113fd0cd0 code [0x0000000113fd0e60, 0x0000000113fd12c8]
Event: 1.696 Thread 0x00007fbad8024800  704       3       shaders.StaticShader::loadTransformationMatrix (10 bytes)
Event: 1.697 Thread 0x00007fbad8024800 nmethod 704 0x0000000113fd0650 code [0x0000000113fd07e0, 0x0000000113fd0b18]
Event: 1.697 Thread 0x00007fbad8024800  706       3       org.lwjgl.opengl.GL11::glDrawElements (32 bytes)
Event: 1.697 Thread 0x00007fbad8024800 nmethod 706 0x0000000113fd3210 code [0x0000000113fd3420, 0x0000000113fd3d38]
Event: 1.697 Thread 0x00007fbad8024800  707       3       org.lwjgl.opengl.GLChecks::ensureElementVBOenabled (24 bytes)
Event: 1.697 Thread 0x00007fbad8024800 nmethod 707 0x0000000113fd4350 code [0x0000000113fd44e0, 0x0000000113fd4758]

GC Heap History (8 events):
Event: 1.506 GC heap before
{Heap before GC invocations=1 (full 0):
 PSYoungGen      total 38400K, used 33280K [0x0000000795580000, 0x0000000798000000, 0x00000007c0000000)
  eden space 33280K, 100% used [0x0000000795580000,0x0000000797600000,0x0000000797600000)
  from space 5120K, 0% used [0x0000000797b00000,0x0000000797b00000,0x0000000798000000)
  to   space 5120K, 0% used [0x0000000797600000,0x0000000797600000,0x0000000797b00000)
 ParOldGen       total 87552K, used 27977K [0x0000000740000000, 0x0000000745580000, 0x0000000795580000)
  object space 87552K, 31% used [0x0000000740000000,0x0000000741b52610,0x0000000745580000)
 Metaspace       used 7003K, capacity 7157K, committed 7168K, reserved 1056768K
  class space    used 696K, capacity 761K, committed 768K, reserved 1048576K
Event: 1.510 GC heap after
Heap after GC invocations=1 (full 0):
 PSYoungGen      total 38400K, used 2899K [0x0000000795580000, 0x0000000798000000, 0x00000007c0000000)
  eden space 33280K, 0% used [0x0000000795580000,0x0000000795580000,0x0000000797600000)
  from space 5120K, 56% used [0x0000000797600000,0x00000007978d4e18,0x0000000797b00000)
  to   space 5120K, 0% used [0x0000000797b00000,0x0000000797b00000,0x0000000798000000)
 ParOldGen       total 87552K, used 27993K [0x0000000740000000, 0x0000000745580000, 0x0000000795580000)
  object space 87552K, 31% used [0x0000000740000000,0x0000000741b56610,0x0000000745580000)
 Metaspace       used 7003K, capacity 7157K, committed 7168K, reserved 1056768K
  class space    used 696K, capacity 761K, committed 768K, reserved 1048576K
}
Event: 1.540 GC heap before
{Heap before GC invocations=2 (full 0):
 PSYoungGen      total 38400K, used 36179K [0x0000000795580000, 0x0000000798000000, 0x00000007c0000000)
  eden space 33280K, 100% used [0x0000000795580000,0x0000000797600000,0x0000000797600000)
  from space 5120K, 56% used [0x0000000797600000,0x00000007978d4e18,0x0000000797b00000)
  to   space 5120K, 0% used [0x0000000797b00000,0x0000000797b00000,0x0000000798000000)
 ParOldGen       total 87552K, used 27993K [0x0000000740000000, 0x0000000745580000, 0x0000000795580000)
  object space 87552K, 31% used [0x0000000740000000,0x0000000741b56610,0x0000000745580000)
 Metaspace       used 7025K, capacity 7157K, committed 7168K, reserved 1056768K
  class space    used 696K, capacity 761K, committed 768K, reserved 1048576K
Event: 1.544 GC heap after
Heap after GC invocations=2 (full 0):
 PSYoungGen      total 38400K, used 3883K [0x0000000795580000, 0x000000079a080000, 0x00000007c0000000)
  eden space 33280K, 0% used [0x0000000795580000,0x0000000795580000,0x0000000797600000)
  from space 5120K, 75% used [0x0000000797b00000,0x0000000797ecaf00,0x0000000798000000)
  to   space 5120K, 0% used [0x0000000797600000,0x0000000797600000,0x0000000797b00000)
 ParOldGen       total 87552K, used 28001K [0x0000000740000000, 0x0000000745580000, 0x0000000795580000)
  object space 87552K, 31% used [0x0000000740000000,0x0000000741b58610,0x0000000745580000)
 Metaspace       used 7025K, capacity 7157K, committed 7168K, reserved 1056768K
  class space    used 696K, capacity 761K, committed 768K, reserved 1048576K
}
Event: 1.563 GC heap before
{Heap before GC invocations=3 (full 0):
 PSYoungGen      total 38400K, used 37163K [0x0000000795580000, 0x000000079a080000, 0x00000007c0000000)
  eden space 33280K, 100% used [0x0000000795580000,0x0000000797600000,0x0000000797600000)
  from space 5120K, 75% used [0x0000000797b00000,0x0000000797ecaf00,0x0000000798000000)
  to   space 5120K, 0% used [0x0000000797600000,0x0000000797600000,0x0000000797b00000)
 ParOldGen       total 87552K, used 28001K [0x0000000740000000, 0x0000000745580000, 0x0000000795580000)
  object space 87552K, 31% used [0x0000000740000000,0x0000000741b58610,0x0000000745580000)
 Metaspace       used 7033K, capacity 7157K, committed 7168K, reserved 1056768K
  class space    used 696K, capacity 761K, committed 768K, reserved 1048576K
Event: 1.567 GC heap after
Heap after GC invocations=3 (full 0):
 PSYoungGen      total 38400K, used 5093K [0x0000000795580000, 0x000000079a080000, 0x00000007c0000000)
  eden space 33280K, 0% used [0x0000000795580000,0x0000000795580000,0x0000000797600000)
  from space 5120K, 99% used [0x0000000797600000,0x0000000797af96c8,0x0000000797b00000)
  to   space 5120K, 0% used [0x0000000799b80000,0x0000000799b80000,0x000000079a080000)
 ParOldGen       total 87552K, used 28561K [0x0000000740000000, 0x0000000745580000, 0x0000000795580000)
  object space 87552K, 32% used [0x0000000740000000,0x0000000741be4610,0x0000000745580000)
 Metaspace       used 7033K, capacity 7157K, committed 7168K, reserved 1056768K
  class space    used 696K, capacity 761K, committed 768K, reserved 1048576K
}
Event: 1.586 GC heap before
{Heap before GC invocations=4 (full 0):
 PSYoungGen      total 38400K, used 38373K [0x0000000795580000, 0x000000079a080000, 0x00000007c0000000)
  eden space 33280K, 100% used [0x0000000795580000,0x0000000797600000,0x0000000797600000)
  from space 5120K, 99% used [0x0000000797600000,0x0000000797af96c8,0x0000000797b00000)
  to   space 5120K, 0% used [0x0000000799b80000,0x0000000799b80000,0x000000079a080000)
 ParOldGen       total 87552K, used 28561K [0x0000000740000000, 0x0000000745580000, 0x0000000795580000)
  object space 87552K, 32% used [0x0000000740000000,0x0000000741be4610,0x0000000745580000)
 Metaspace       used 7033K, capacity 7157K, committed 7168K, reserved 1056768K
  class space    used 696K, capacity 761K, committed 768K, reserved 1048576K
Event: 1.591 GC heap after
Heap after GC invocations=4 (full 0):
 PSYoungGen      total 71680K, used 5117K [0x0000000795580000, 0x000000079a080000, 0x00000007c0000000)
  eden space 66560K, 0% used [0x0000000795580000,0x0000000795580000,0x0000000799680000)
  from space 5120K, 99% used [0x0000000799b80000,0x000000079a07f500,0x000000079a080000)
  to   space 5120K, 0% used [0x0000000799680000,0x0000000799680000,0x0000000799b80000)
 ParOldGen       total 87552K, used 29769K [0x0000000740000000, 0x0000000745580000, 0x0000000795580000)
  object space 87552K, 34% used [0x0000000740000000,0x0000000741d12610,0x0000000745580000)
 Metaspace       used 7033K, capacity 7157K, committed 7168K, reserved 1056768K
  class space    used 696K, capacity 761K, committed 768K, reserved 1048576K
}

Deoptimization events (10 events):
Event: 1.121 Thread 0x00007fbad8005800 Uncommon trap: reason=unstable_if action=reinterpret pc=0x0000000113eea678 method=org.newdawn.slick.opengl.PNGDecoder.readChunk([BII)I @ 5
Event: 1.145 Thread 0x00007fbad8005800 Uncommon trap: reason=unstable_if action=reinterpret pc=0x0000000113ee900c method=org.newdawn.slick.opengl.PNGDecoder.readChunk([BII)I @ 5
Event: 1.410 Thread 0x00007fbad8005800 Uncommon trap: reason=unstable_if action=reinterpret pc=0x0000000113f3ea20 method=sun.misc.FloatingDecimal.readJavaFormatString(Ljava/lang/String;)Lsun/misc/FloatingDecimal$ASCIIToBinaryConverter; @ 396
Event: 1.410 Thread 0x00007fbad8005800 Uncommon trap: reason=unstable_if action=reinterpret pc=0x0000000113f27620 method=sun.misc.FloatingDecimal$ASCIIToBinaryBuffer.floatValue()F @ 65
Event: 1.412 Thread 0x00007fbad8005800 Uncommon trap: reason=predicate action=maybe_recompile pc=0x0000000113f29590 method=java.util.AbstractCollection.toArray([Ljava/lang/Object;)[Ljava/lang/Object; @ 49
Event: 1.434 Thread 0x00007fbad8005800 Uncommon trap: reason=unstable_if action=reinterpret pc=0x0000000113f2ac14 method=java.io.BufferedReader.readLine(Z)Ljava/lang/String; @ 160
Event: 1.453 Thread 0x00007fbad8005800 Uncommon trap: reason=array_check action=maybe_recompile pc=0x0000000113f5da58 method=java.util.AbstractCollection.toArray([Ljava/lang/Object;)[Ljava/lang/Object; @ 119
Event: 1.453 Thread 0x00007fbad8005800 Uncommon trap: reason=array_check action=maybe_recompile pc=0x0000000113f5da58 method=java.util.AbstractCollection.toArray([Ljava/lang/Object;)[Ljava/lang/Object; @ 119
Event: 1.453 Thread 0x00007fbad8005800 Uncommon trap: reason=array_check action=maybe_recompile pc=0x0000000113f5da58 method=java.util.AbstractCollection.toArray([Ljava/lang/Object;)[Ljava/lang/Object; @ 119
Event: 1.453 Thread 0x00007fbad8005800 Uncommon trap: reason=array_check action=maybe_recompile pc=0x0000000113f5da58 method=java.util.AbstractCollection.toArray([Ljava/lang/Object;)[Ljava/lang/Object; @ 119

Classes redefined (0 events):
No events

Internal exceptions (10 events):
Event: 0.092 Thread 0x00007fbad8005800 Exception <a 'java/net/ConnectException'> (0x00000007956153d0) thrown at [/Users/java_re/workspace/8-2-build-macosx-x86_64/jdk8u192/11897/hotspot/src/share/vm/prims/jni.cpp, line 709]
Event: 0.128 Thread 0x00007fbad8005800 Exception <a 'java/security/PrivilegedActionException'> (0x00000007957697a0) thrown at [/Users/java_re/workspace/8-2-build-macosx-x86_64/jdk8u192/11897/hotspot/src/share/vm/prims/jvm.cpp, line 1435]
Event: 0.128 Thread 0x00007fbad8005800 Exception <a 'java/security/PrivilegedActionException'> (0x00000007957699b0) thrown at [/Users/java_re/workspace/8-2-build-macosx-x86_64/jdk8u192/11897/hotspot/src/share/vm/prims/jvm.cpp, line 1435]
Event: 0.128 Thread 0x00007fbad8005800 Exception <a 'java/security/PrivilegedActionException'> (0x000000079576cec8) thrown at [/Users/java_re/workspace/8-2-build-macosx-x86_64/jdk8u192/11897/hotspot/src/share/vm/prims/jvm.cpp, line 1435]
Event: 0.128 Thread 0x00007fbad8005800 Exception <a 'java/security/PrivilegedActionException'> (0x000000079576d0d8) thrown at [/Users/java_re/workspace/8-2-build-macosx-x86_64/jdk8u192/11897/hotspot/src/share/vm/prims/jvm.cpp, line 1435]
Event: 0.167 Thread 0x00007fbad8005800 Exception <a 'java/lang/NoSuchFieldError': method resolution failed> (0x000000079584c9c0) thrown at [/Users/java_re/workspace/8-2-build-macosx-x86_64/jdk8u192/11897/hotspot/src/share/vm/prims/methodHandles.cpp, line 1167]
Event: 0.168 Thread 0x00007fbad8005800 Exception <a 'java/lang/NoSuchFieldError': method resolution failed> (0x000000079585a0e0) thrown at [/Users/java_re/workspace/8-2-build-macosx-x86_64/jdk8u192/11897/hotspot/src/share/vm/prims/methodHandles.cpp, line 1167]
Event: 0.334 Thread 0x00007fbad8005800 Exception <a 'java/io/FileNotFoundException'> (0x00000007958d6940) thrown at [/Users/java_re/workspace/8-2-build-macosx-x86_64/jdk8u192/11897/hotspot/src/share/vm/prims/jni.cpp, line 709]
Event: 0.334 Thread 0x00007fbad8005800 Exception <a 'java/io/FileNotFoundException'> (0x00000007958d74b0) thrown at [/Users/java_re/workspace/8-2-build-macosx-x86_64/jdk8u192/11897/hotspot/src/share/vm/prims/jni.cpp, line 709]
Event: 0.345 Thread 0x00007fbad8005800 Exception <a 'java/lang/UnsatisfiedLinkError'> (0x00000007958e5778) thrown at [/Users/java_re/workspace/8-2-build-macosx-x86_64/jdk8u192/11897/hotspot/src/share/vm/prims/jvm.cpp, line 1439]

Events (10 events):
Event: 1.625 Thread 0x00007fbad8005800 DEOPT PACKING pc=0x0000000113f5aaf5 sp=0x0000700003b4b120
Event: 1.625 Thread 0x00007fbad8005800 DEOPT UNPACKING pc=0x0000000113d24784 sp=0x0000700003b4ae28 mode 0
Event: 1.631 loading class toolbox/Maths
Event: 1.631 loading class toolbox/Maths done
Event: 1.631 loading class java/util/HashMap$KeySet
Event: 1.632 loading class java/util/HashMap$KeySet done
Event: 1.632 loading class java/util/HashMap$KeyIterator
Event: 1.632 loading class java/util/HashMap$KeyIterator done
Event: 1.632 loading class org/lwjgl/opengl/GL13
Event: 1.632 loading class org/lwjgl/opengl/GL13 done


Dynamic libraries:
0x00007fff300b5000 	/System/Library/Frameworks/Cocoa.framework/Versions/A/Cocoa
0x00007fff3c35f000 	/System/Library/Frameworks/Security.framework/Versions/A/Security
0x00007fff2ecbf000 	/System/Library/Frameworks/ApplicationServices.framework/Versions/A/ApplicationServices
0x00007fff5d8ee000 	/usr/lib/libz.1.dylib
0x00007fff5af65000 	/usr/lib/libSystem.B.dylib
0x00007fff5ca0b000 	/usr/lib/libobjc.A.dylib
0x00007fff308d8000 	/System/Library/Frameworks/CoreFoundation.framework/Versions/A/CoreFoundation
0x00007fff32c5d000 	/System/Library/Frameworks/Foundation.framework/Versions/C/Foundation
0x00007fff2de4d000 	/System/Library/Frameworks/AppKit.framework/Versions/C/AppKit
0x00007fff3044c000 	/System/Library/Frameworks/CoreData.framework/Versions/A/CoreData
0x00007fff5414b000 	/System/Library/PrivateFrameworks/RemoteViewServices.framework/Versions/A/RemoteViewServices
0x00007fff58c3a000 	/System/Library/PrivateFrameworks/UIFoundation.framework/Versions/A/UIFoundation
0x00007fff5a3ec000 	/System/Library/PrivateFrameworks/XCTTargetBootstrap.framework/Versions/A/XCTTargetBootstrap
0x00007fff4ec61000 	/System/Library/PrivateFrameworks/IconServices.framework/Versions/A/IconServices
0x00007fff35518000 	/System/Library/Frameworks/Metal.framework/Versions/A/Metal
0x00007fff45e6b000 	/System/Library/PrivateFrameworks/DesktopServicesPriv.framework/Versions/A/DesktopServicesPriv
0x00007fff5bd1f000 	/usr/lib/libenergytrace.dylib
0x00007fff569af000 	/System/Library/PrivateFrameworks/SkyLight.framework/Versions/A/SkyLight
0x00007fff30d27000 	/System/Library/Frameworks/CoreGraphics.framework/Versions/A/CoreGraphics
0x00007fff2cc08000 	/System/Library/Frameworks/Accelerate.framework/Versions/A/Accelerate
0x00007fff333e6000 	/System/Library/Frameworks/IOSurface.framework/Versions/A/IOSurface
0x00007fff45ccd000 	/System/Library/PrivateFrameworks/DFRFoundation.framework/Versions/A/DFRFoundation
0x00007fff2f1c4000 	/System/Library/Frameworks/AudioToolbox.framework/Versions/A/AudioToolbox
0x00007fff2f462000 	/System/Library/Frameworks/AudioUnit.framework/Versions/A/AudioUnit
0x00007fff45d64000 	/System/Library/PrivateFrameworks/DataDetectorsCore.framework/Versions/A/DataDetectorsCore
0x00007fff2fba1000 	/System/Library/Frameworks/Carbon.framework/Versions/A/Frameworks/HIToolbox.framework/Versions/A/HIToolbox
0x00007fff5be7a000 	/usr/lib/libicucore.A.dylib
0x00007fff3b8b9000 	/System/Library/Frameworks/QuartzCore.framework/Versions/A/QuartzCore
0x00007fff2ff88000 	/System/Library/Frameworks/Carbon.framework/Versions/A/Frameworks/SpeechRecognition.framework/Versions/A/SpeechRecognition
0x00007fff5b0c8000 	/usr/lib/libauto.dylib
0x00007fff5d7e1000 	/usr/lib/libxml2.2.dylib
0x00007fff458cc000 	/System/Library/PrivateFrameworks/CoreUI.framework/Versions/A/CoreUI
0x00007fff3032a000 	/System/Library/Frameworks/CoreAudio.framework/Versions/A/CoreAudio
0x00007fff32a8f000 	/System/Library/Frameworks/DiskArbitration.framework/Versions/A/DiskArbitration
0x00007fff5c12a000 	/usr/lib/liblangid.dylib
0x00007fff5010d000 	/System/Library/PrivateFrameworks/MultitouchSupport.framework/Versions/A/MultitouchSupport
0x00007fff33352000 	/System/Library/Frameworks/IOKit.framework/Versions/A/IOKit
0x00007fff5abb3000 	/usr/lib/libDiagnosticMessagesClient.dylib
0x00007fff31b95000 	/System/Library/Frameworks/CoreServices.framework/Versions/A/CoreServices
0x00007fff51e3c000 	/System/Library/PrivateFrameworks/PerformanceAnalysis.framework/Versions/A/PerformanceAnalysis
0x00007fff3aa4e000 	/System/Library/Frameworks/OpenGL.framework/Versions/A/OpenGL
0x00007fff300c3000 	/System/Library/Frameworks/ColorSync.framework/Versions/A/ColorSync
0x00007fff313b6000 	/System/Library/Frameworks/CoreImage.framework/Versions/A/CoreImage
0x00007fff325d8000 	/System/Library/Frameworks/CoreText.framework/Versions/A/CoreText
0x00007fff33447000 	/System/Library/Frameworks/ImageIO.framework/Versions/A/ImageIO
0x00007fff41f25000 	/System/Library/PrivateFrameworks/Backup.framework/Versions/A/Backup
0x00007fff5b01b000 	/usr/lib/libarchive.2.dylib
0x00007fff2f7c6000 	/System/Library/Frameworks/CFNetwork.framework/Versions/A/CFNetwork
0x00007fff3cb08000 	/System/Library/Frameworks/SystemConfiguration.framework/Versions/A/SystemConfiguration
0x00007fff5aadc000 	/usr/lib/libCRFSuite.dylib
0x00007fff5b1bf000 	/usr/lib/libc++.1.dylib
0x00007fff5b217000 	/usr/lib/libc++abi.dylib
0x00007fff5d971000 	/usr/lib/system/libcache.dylib
0x00007fff5d976000 	/usr/lib/system/libcommonCrypto.dylib
0x00007fff5d981000 	/usr/lib/system/libcompiler_rt.dylib
0x00007fff5d989000 	/usr/lib/system/libcopyfile.dylib
0x00007fff5d993000 	/usr/lib/system/libcorecrypto.dylib
0x00007fff5da9e000 	/usr/lib/system/libdispatch.dylib
0x00007fff5dad9000 	/usr/lib/system/libdyld.dylib
0x00007fff5db09000 	/usr/lib/system/libkeymgr.dylib
0x00007fff5db17000 	/usr/lib/system/liblaunch.dylib
0x00007fff5db18000 	/usr/lib/system/libmacho.dylib
0x00007fff5db1e000 	/usr/lib/system/libquarantine.dylib
0x00007fff5db21000 	/usr/lib/system/libremovefile.dylib
0x00007fff5db23000 	/usr/lib/system/libsystem_asl.dylib
0x00007fff5db3b000 	/usr/lib/system/libsystem_blocks.dylib
0x00007fff5db3c000 	/usr/lib/system/libsystem_c.dylib
0x00007fff5dbc5000 	/usr/lib/system/libsystem_configuration.dylib
0x00007fff5dbc9000 	/usr/lib/system/libsystem_coreservices.dylib
0x00007fff5dbcd000 	/usr/lib/system/libsystem_darwin.dylib
0x00007fff5dbd4000 	/usr/lib/system/libsystem_dnssd.dylib
0x00007fff5dbdb000 	/usr/lib/system/libsystem_info.dylib
0x00007fff5dc50000 	/usr/lib/system/libsystem_m.dylib
0x00007fff5dc9c000 	/usr/lib/system/libsystem_malloc.dylib
0x00007fff5dcc1000 	/usr/lib/system/libsystem_networkextension.dylib
0x00007fff5dccd000 	/usr/lib/system/libsystem_notify.dylib
0x00007fff5dcea000 	/usr/lib/system/libsystem_sandbox.dylib
0x00007fff5dcee000 	/usr/lib/system/libsystem_secinit.dylib
0x00007fff5dc28000 	/usr/lib/system/libsystem_kernel.dylib
0x00007fff5dcd5000 	/usr/lib/system/libsystem_platform.dylib
0x00007fff5dcdf000 	/usr/lib/system/libsystem_pthread.dylib
0x00007fff5dcf1000 	/usr/lib/system/libsystem_symptoms.dylib
0x00007fff5dcf9000 	/usr/lib/system/libsystem_trace.dylib
0x00007fff5dd10000 	/usr/lib/system/libunwind.dylib
0x00007fff5dd16000 	/usr/lib/system/libxpc.dylib
0x00007fff5b19f000 	/usr/lib/libbsm.0.dylib
0x00007fff5db0a000 	/usr/lib/system/libkxld.dylib
0x00007fff411d3000 	/System/Library/PrivateFrameworks/AppleFSCompression.framework/Versions/A/AppleFSCompression
0x00007fff5ae24000 	/usr/lib/libOpenScriptingUtil.dylib
0x00007fff5b502000 	/usr/lib/libcoretls.dylib
0x00007fff5b519000 	/usr/lib/libcoretls_cfhelpers.dylib
0x00007fff5d1a4000 	/usr/lib/libpam.2.dylib
0x00007fff5d367000 	/usr/lib/libsqlite3.dylib
0x00007fff5d7cf000 	/usr/lib/libxar.1.dylib
0x00007fff5b1b0000 	/usr/lib/libbz2.1.0.dylib
0x00007fff5c12c000 	/usr/lib/liblzma.5.dylib
0x00007fff5c622000 	/usr/lib/libnetwork.dylib
0x00007fff5b004000 	/usr/lib/libapple_nghttp2.dylib
0x00007fff5d1ab000 	/usr/lib/libpcap.A.dylib
0x00007fff31f39000 	/System/Library/Frameworks/CoreServices.framework/Versions/A/Frameworks/FSEvents.framework/Versions/A/FSEvents
0x00007fff31c15000 	/System/Library/Frameworks/CoreServices.framework/Versions/A/Frameworks/CarbonCore.framework/Versions/A/CarbonCore
0x00007fff3210e000 	/System/Library/Frameworks/CoreServices.framework/Versions/A/Frameworks/Metadata.framework/Versions/A/Metadata
0x00007fff321b1000 	/System/Library/Frameworks/CoreServices.framework/Versions/A/Frameworks/OSServices.framework/Versions/A/OSServices
0x00007fff321fd000 	/System/Library/Frameworks/CoreServices.framework/Versions/A/Frameworks/SearchKit.framework/Versions/A/SearchKit
0x00007fff31b96000 	/System/Library/Frameworks/CoreServices.framework/Versions/A/Frameworks/AE.framework/Versions/A/AE
0x00007fff31f42000 	/System/Library/Frameworks/CoreServices.framework/Versions/A/Frameworks/LaunchServices.framework/Versions/A/LaunchServices
0x00007fff31eee000 	/System/Library/Frameworks/CoreServices.framework/Versions/A/Frameworks/DictionaryServices.framework/Versions/A/DictionaryServices
0x00007fff3226c000 	/System/Library/Frameworks/CoreServices.framework/Versions/A/Frameworks/SharedFileList.framework/Versions/A/SharedFileList
0x00007fff369df000 	/System/Library/Frameworks/NetFS.framework/Versions/A/NetFS
0x00007fff503aa000 	/System/Library/PrivateFrameworks/NetAuth.framework/Versions/A/NetAuth
0x00007fff5a820000 	/System/Library/PrivateFrameworks/login.framework/Versions/A/Frameworks/loginsupport.framework/Versions/A/loginsupport
0x00007fff58833000 	/System/Library/PrivateFrameworks/TCC.framework/Versions/A/TCC
0x00007fff44eef000 	/System/Library/PrivateFrameworks/CoreNLP.framework/Versions/A/CoreNLP
0x00007fff4fdff000 	/System/Library/PrivateFrameworks/MetadataUtilities.framework/Versions/A/MetadataUtilities
0x00007fff5c20d000 	/usr/lib/libmecabra.dylib
0x00007fff2ecc0000 	/System/Library/Frameworks/ApplicationServices.framework/Versions/A/Frameworks/ATS.framework/Versions/A/ATS
0x00007fff2f02b000 	/System/Library/Frameworks/ApplicationServices.framework/Versions/A/Frameworks/ColorSyncLegacy.framework/Versions/A/ColorSyncLegacy
0x00007fff2f0cc000 	/System/Library/Frameworks/ApplicationServices.framework/Versions/A/Frameworks/HIServices.framework/Versions/A/HIServices
0x00007fff2f11f000 	/System/Library/Frameworks/ApplicationServices.framework/Versions/A/Frameworks/LangAnalysis.framework/Versions/A/LangAnalysis
0x00007fff2f12e000 	/System/Library/Frameworks/ApplicationServices.framework/Versions/A/Frameworks/PrintCore.framework/Versions/A/PrintCore
0x00007fff2f17b000 	/System/Library/Frameworks/ApplicationServices.framework/Versions/A/Frameworks/QD.framework/Versions/A/QD
0x00007fff2f1b7000 	/System/Library/Frameworks/ApplicationServices.framework/Versions/A/Frameworks/SpeechSynthesis.framework/Versions/A/SpeechSynthesis
0x00007fff5b23f000 	/usr/lib/libcompression.dylib
0x00007fff307ee000 	/System/Library/Frameworks/CoreDisplay.framework/Versions/A/CoreDisplay
0x00007fff357e0000 	/System/Library/Frameworks/MetalPerformanceShaders.framework/Versions/A/MetalPerformanceShaders
0x00007fff2cc20000 	/System/Library/Frameworks/Accelerate.framework/Versions/A/Frameworks/vImage.framework/Versions/A/vImage
0x00007fff2dc9c000 	/System/Library/Frameworks/Accelerate.framework/Versions/A/Frameworks/vecLib.framework/Versions/A/vecLib
0x00007fff2dbe6000 	/System/Library/Frameworks/Accelerate.framework/Versions/A/Frameworks/vecLib.framework/Versions/A/libvMisc.dylib
0x00007fff2da01000 	/System/Library/Frameworks/Accelerate.framework/Versions/A/Frameworks/vecLib.framework/Versions/A/libvDSP.dylib
0x00007fff2d2c1000 	/System/Library/Frameworks/Accelerate.framework/Versions/A/Frameworks/vecLib.framework/Versions/A/libBLAS.dylib
0x00007fff2d5ac000 	/System/Library/Frameworks/Accelerate.framework/Versions/A/Frameworks/vecLib.framework/Versions/A/libLAPACK.dylib
0x00007fff2d953000 	/System/Library/Frameworks/Accelerate.framework/Versions/A/Frameworks/vecLib.framework/Versions/A/libLinearAlgebra.dylib
0x00007fff2d9ed000 	/System/Library/Frameworks/Accelerate.framework/Versions/A/Frameworks/vecLib.framework/Versions/A/libSparseBLAS.dylib
0x00007fff2d969000 	/System/Library/Frameworks/Accelerate.framework/Versions/A/Frameworks/vecLib.framework/Versions/A/libQuadrature.dylib
0x00007fff2d539000 	/System/Library/Frameworks/Accelerate.framework/Versions/A/Frameworks/vecLib.framework/Versions/A/libBNNS.dylib
0x00007fff2d96f000 	/System/Library/Frameworks/Accelerate.framework/Versions/A/Frameworks/vecLib.framework/Versions/A/libSparse.dylib
0x00007fff4c3fc000 	/System/Library/PrivateFrameworks/GPUWrangler.framework/Versions/A/GPUWrangler
0x00007fff4e828000 	/System/Library/PrivateFrameworks/IOAccelerator.framework/Versions/A/IOAccelerator
0x00007fff4e833000 	/System/Library/PrivateFrameworks/IOPresentment.framework/Versions/A/IOPresentment
0x00007fff45cdd000 	/System/Library/PrivateFrameworks/DSExternalDisplay.framework/Versions/A/DSExternalDisplay
0x00007fff39e93000 	/System/Library/Frameworks/OpenGL.framework/Versions/A/Libraries/libCoreFSCache.dylib
0x00007fff355c8000 	/System/Library/Frameworks/MetalPerformanceShaders.framework/Frameworks/MPSCore.framework/Versions/A/MPSCore
0x00007fff355e9000 	/System/Library/Frameworks/MetalPerformanceShaders.framework/Frameworks/MPSImage.framework/Versions/A/MPSImage
0x00007fff35691000 	/System/Library/Frameworks/MetalPerformanceShaders.framework/Frameworks/MPSNeuralNetwork.framework/Versions/A/MPSNeuralNetwork
0x00007fff35668000 	/System/Library/Frameworks/MetalPerformanceShaders.framework/Frameworks/MPSMatrix.framework/Versions/A/MPSMatrix
0x00007fff357c4000 	/System/Library/Frameworks/MetalPerformanceShaders.framework/Frameworks/MPSRayIntersector.framework/Versions/A/MPSRayIntersector
0x00007fff4fe28000 	/System/Library/PrivateFrameworks/MetalTools.framework/Versions/A/MetalTools
0x00007fff408ce000 	/System/Library/PrivateFrameworks/AggregateDictionary.framework/Versions/A/AggregateDictionary
0x00007fff5ae04000 	/usr/lib/libMobileGestalt.dylib
0x00007fff3273e000 	/System/Library/Frameworks/CoreVideo.framework/Versions/A/CoreVideo
0x00007fff4d267000 	/System/Library/PrivateFrameworks/GraphVisualizer.framework/Versions/A/GraphVisualizer
0x00007fff4700c000 	/System/Library/PrivateFrameworks/FaceCore.framework/Versions/A/FaceCore
0x00007fff394ab000 	/System/Library/Frameworks/OpenCL.framework/Versions/A/OpenCL
0x00007fff5abeb000 	/usr/lib/libFosl_dynamic.dylib
0x00007fff50c80000 	/System/Library/PrivateFrameworks/OTSVG.framework/Versions/A/OTSVG
0x00007fff2edc4000 	/System/Library/Frameworks/ApplicationServices.framework/Versions/A/Frameworks/ATS.framework/Versions/A/Resources/libFontParser.dylib
0x00007fff2eee4000 	/System/Library/Frameworks/ApplicationServices.framework/Versions/A/Frameworks/ATS.framework/Versions/A/Resources/libFontRegistry.dylib
0x00007fff336d1000 	/System/Library/Frameworks/ImageIO.framework/Versions/A/Resources/libJPEG.dylib
0x00007fff339f3000 	/System/Library/Frameworks/ImageIO.framework/Versions/A/Resources/libTIFF.dylib
0x00007fff339c9000 	/System/Library/Frameworks/ImageIO.framework/Versions/A/Resources/libPng.dylib
0x00007fff335e6000 	/System/Library/Frameworks/ImageIO.framework/Versions/A/Resources/libGIF.dylib
0x00007fff335eb000 	/System/Library/Frameworks/ImageIO.framework/Versions/A/Resources/libJP2.dylib
0x00007fff339f0000 	/System/Library/Frameworks/ImageIO.framework/Versions/A/Resources/libRadiance.dylib
0x00007fff4132c000 	/System/Library/PrivateFrameworks/AppleJPEG.framework/Versions/A/AppleJPEG
0x00007fff39e9e000 	/System/Library/Frameworks/OpenGL.framework/Versions/A/Libraries/libGFXShared.dylib
0x00007fff3a061000 	/System/Library/Frameworks/OpenGL.framework/Versions/A/Libraries/libGLU.dylib
0x00007fff39ea7000 	/System/Library/Frameworks/OpenGL.framework/Versions/A/Libraries/libGL.dylib
0x00007fff39eb3000 	/System/Library/Frameworks/OpenGL.framework/Versions/A/Libraries/libGLImage.dylib
0x00007fff39e90000 	/System/Library/Frameworks/OpenGL.framework/Versions/A/Libraries/libCVMSPluginSupport.dylib
0x00007fff39e99000 	/System/Library/Frameworks/OpenGL.framework/Versions/A/Libraries/libCoreVMClient.dylib
0x00007fff5bb91000 	/usr/lib/libcups.2.dylib
0x00007fff34ade000 	/System/Library/Frameworks/Kerberos.framework/Versions/A/Kerberos
0x00007fff3309c000 	/System/Library/Frameworks/GSS.framework/Versions/A/GSS
0x00007fff5d2fb000 	/usr/lib/libresolv.9.dylib
0x00007fff5bd88000 	/usr/lib/libiconv.2.dylib
0x00007fff4d3c7000 	/System/Library/PrivateFrameworks/Heimdal.framework/Versions/A/Heimdal
0x00007fff5bd57000 	/usr/lib/libheimdal-asn1.dylib
0x00007fff39521000 	/System/Library/Frameworks/OpenDirectory.framework/Versions/A/OpenDirectory
0x00007fff43bea000 	/System/Library/PrivateFrameworks/CommonAuth.framework/Versions/A/CommonAuth
0x00007fff39504000 	/System/Library/Frameworks/OpenDirectory.framework/Versions/A/Frameworks/CFOpenDirectory.framework/Versions/A/CFOpenDirectory
0x00007fff3c686000 	/System/Library/Frameworks/SecurityFoundation.framework/Versions/A/SecurityFoundation
0x00007fff3fddf000 	/System/Library/PrivateFrameworks/APFS.framework/Versions/A/APFS
0x00007fff5d7cb000 	/usr/lib/libutil.dylib
0x00007fff5b22d000 	/usr/lib/libcharset.1.dylib
0x00007fff415c7000 	/System/Library/PrivateFrameworks/AppleSauce.framework/Versions/A/AppleSauce
0x00007fff41755000 	/System/Library/PrivateFrameworks/AssertionServices.framework/Versions/A/AssertionServices
0x00007fff41fc8000 	/System/Library/PrivateFrameworks/BaseBoard.framework/Versions/A/BaseBoard
0x00007fff5c15c000 	/usr/lib/libmecab.1.0.0.dylib
0x00007fff5bd51000 	/usr/lib/libgermantok.dylib
0x00007fff5aff0000 	/usr/lib/libThaiTokenizer.dylib
0x00007fff5ab17000 	/usr/lib/libChineseTokenizer.dylib
0x00007fff4ef5d000 	/System/Library/PrivateFrameworks/LanguageModeling.framework/Versions/A/LanguageModeling
0x00007fff44905000 	/System/Library/PrivateFrameworks/CoreEmoji.framework/Versions/A/CoreEmoji
0x00007fff4f055000 	/System/Library/PrivateFrameworks/Lexicon.framework/Versions/A/Lexicon
0x00007fff4f09d000 	/System/Library/PrivateFrameworks/LinguisticData.framework/Versions/A/LinguisticData
0x00007fff5b22e000 	/usr/lib/libcmph.dylib
0x00007fff3c747000 	/System/Library/Frameworks/ServiceManagement.framework/Versions/A/ServiceManagement
0x00007fff41f1b000 	/System/Library/PrivateFrameworks/BackgroundTaskManagement.framework/Versions/A/BackgroundTaskManagement
0x00007fff5d8c5000 	/usr/lib/libxslt.1.dylib
0x00007fff2feb3000 	/System/Library/Frameworks/Carbon.framework/Versions/A/Frameworks/Ink.framework/Versions/A/Ink
0x00007fff58ab2000 	/System/Library/PrivateFrameworks/TextureIO.framework/Versions/A/TextureIO
0x00007fff5b045000 	/usr/lib/libate.dylib
0x00007fff45c39000 	/System/Library/PrivateFrameworks/CrashReporterSupport.framework/Versions/A/CrashReporterSupport
0x00007fff55ade000 	/System/Library/PrivateFrameworks/Sharing.framework/Versions/A/Sharing
0x00007fff41aa7000 	/System/Library/PrivateFrameworks/AuthKit.framework/Versions/A/AuthKit
0x00007fff40ecb000 	/System/Library/PrivateFrameworks/Apple80211.framework/Versions/A/Apple80211
0x00007fff459f9000 	/System/Library/PrivateFrameworks/CoreUtils.framework/Versions/A/CoreUtils
0x00007fff3277c000 	/System/Library/Frameworks/CoreWLAN.framework/Versions/A/CoreWLAN
0x00007fff331e6000 	/System/Library/Frameworks/IOBluetooth.framework/Versions/A/IOBluetooth
0x00007fff53e0b000 	/System/Library/PrivateFrameworks/ProtocolBuffer.framework/Versions/A/ProtocolBuffer
0x00007fff50064000 	/System/Library/PrivateFrameworks/MobileKeyBag.framework/Versions/A/MobileKeyBag
0x00007fff4521c000 	/System/Library/PrivateFrameworks/CorePhoneNumbers.framework/Versions/A/CorePhoneNumbers
0x00007fff412e0000 	/System/Library/PrivateFrameworks/AppleIDAuthSupport.framework/Versions/A/AppleIDAuthSupport
0x00007fff4ef2f000 	/System/Library/PrivateFrameworks/KeychainCircle.framework/Versions/A/KeychainCircle
0x00007fff53fd8000 	/System/Library/PrivateFrameworks/ROCKit.framework/Versions/A/ROCKit
0x00007fff45bd5000 	/System/Library/PrivateFrameworks/CoreWiFi.framework/Versions/A/CoreWiFi
0x00007fff30420000 	/System/Library/Frameworks/CoreBluetooth.framework/Versions/A/CoreBluetooth
0x00007fff45e29000 	/System/Library/PrivateFrameworks/DebugSymbols.framework/Versions/A/DebugSymbols
0x00007fff457ae000 	/System/Library/PrivateFrameworks/CoreSymbolication.framework/Versions/A/CoreSymbolication
0x00007fff5829d000 	/System/Library/PrivateFrameworks/Symbolication.framework/Versions/A/Symbolication
0x00007fff57430000 	/System/Library/PrivateFrameworks/SpeechRecognitionCore.framework/Versions/A/SpeechRecognitionCore
0x0000000106200000 	/Library/Java/JavaVirtualMachines/jdk1.8.0_192.jdk/Contents/Home/jre/lib/server/libjvm.dylib
0x00007fff5d68f000 	/usr/lib/libstdc++.6.dylib
0x00000001050f2000 	/Library/Java/JavaVirtualMachines/jdk1.8.0_192.jdk/Contents/Home/jre/lib/libverify.dylib
0x0000000105100000 	/Library/Java/JavaVirtualMachines/jdk1.8.0_192.jdk/Contents/Home/jre/lib/libjava.dylib
0x0000000105180000 	/Library/Java/JavaVirtualMachines/jdk1.8.0_192.jdk/Contents/Home/jre/lib/libzip.dylib
0x000000010e735000 	/Library/Java/JavaVirtualMachines/jdk1.8.0_192.jdk/Contents/Home/jre/lib/libnet.dylib
0x000000010e7b9000 	/Library/Java/JavaVirtualMachines/jdk1.8.0_192.jdk/Contents/Home/jre/lib/libawt.dylib
0x000000010e862000 	/Library/Java/JavaVirtualMachines/jdk1.8.0_192.jdk/Contents/Home/jre/lib/./libmlib_image.dylib
0x00007fff34ac7000 	/System/Library/Frameworks/JavaVM.framework/Versions/A/Frameworks/JavaNativeFoundation.framework/Versions/A/JavaNativeFoundation
0x00007fff34ad0000 	/System/Library/Frameworks/JavaVM.framework/Versions/A/Frameworks/JavaRuntimeSupport.framework/Versions/A/JavaRuntimeSupport
0x00007fff34ad9000 	/System/Library/Frameworks/JavaVM.framework/Versions/A/JavaVM
0x00007fff4ee46000 	/System/Library/PrivateFrameworks/JavaLaunching.framework/Versions/A/JavaLaunching
0x00007fff2fb9c000 	/System/Library/Frameworks/Carbon.framework/Versions/A/Carbon
0x00007fff2fb9d000 	/System/Library/Frameworks/Carbon.framework/Versions/A/Frameworks/CommonPanels.framework/Versions/A/CommonPanels
0x00007fff2fea9000 	/System/Library/Frameworks/Carbon.framework/Versions/A/Frameworks/Help.framework/Versions/A/Help
0x00007fff2fead000 	/System/Library/Frameworks/Carbon.framework/Versions/A/Frameworks/ImageCapture.framework/Versions/A/ImageCapture
0x00007fff2ff48000 	/System/Library/Frameworks/Carbon.framework/Versions/A/Frameworks/OpenScripting.framework/Versions/A/OpenScripting
0x00007fff2ff83000 	/System/Library/Frameworks/Carbon.framework/Versions/A/Frameworks/Print.framework/Versions/A/Print
0x00007fff2ff85000 	/System/Library/Frameworks/Carbon.framework/Versions/A/Frameworks/SecurityHI.framework/Versions/A/SecurityHI
0x000000010e92e000 	/Library/Java/JavaVirtualMachines/jdk1.8.0_192.jdk/Contents/Home/jre/lib/libawt_lwawt.dylib
0x000000010e9e8000 	/Library/Java/JavaVirtualMachines/jdk1.8.0_192.jdk/Contents/Home/jre/lib/./libosxapp.dylib
0x00007fff32c35000 	/System/Library/Frameworks/ExceptionHandling.framework/Versions/A/ExceptionHandling
0x00007fff453b3000 	/System/Library/PrivateFrameworks/CoreServicesInternal.framework/Versions/A/CoreServicesInternal
0x00007fff26742000 	/System/Library/CoreServices/RawCamera.bundle/Contents/MacOS/RawCamera
0x00007fff4fecf000 	/System/Library/PrivateFrameworks/MobileAsset.framework/Versions/A/MobileAsset
0x00007fff57b21000 	/System/Library/PrivateFrameworks/StreamingZip.framework/Versions/A/StreamingZip
0x00007fff34e79000 	/System/Library/Frameworks/MediaToolbox.framework/Versions/A/MediaToolbox
0x00007fff4448b000 	/System/Library/PrivateFrameworks/CoreAVCHD.framework/Versions/A/CoreAVCHD
0x00007fff34db5000 	/System/Library/Frameworks/MediaAccessibility.framework/Versions/A/MediaAccessibility
0x00007fff4f901000 	/System/Library/PrivateFrameworks/Mangrove.framework/Versions/A/Mangrove
0x00007fff31a30000 	/System/Library/Frameworks/CoreMedia.framework/Versions/A/CoreMedia
0x00007fff3cdd9000 	/System/Library/Frameworks/VideoToolbox.framework/Versions/A/VideoToolbox
0x00007fff440b3000 	/System/Library/PrivateFrameworks/CoreAUC.framework/Versions/A/CoreAUC
0x00007fff5d365000 	/usr/lib/libspindump.dylib
0x00007fff416ba000 	/System/Library/PrivateFrameworks/AppleVA.framework/Versions/A/AppleVA
0x00007fff2cc09000 	/System/Library/Frameworks/Accelerate.framework/Versions/A/Frameworks/vImage.framework/Versions/A/Libraries/libCGInterfaces.dylib
0x00007fff2ef8e000 	/System/Library/Frameworks/ApplicationServices.framework/Versions/A/Frameworks/ATS.framework/Versions/A/Resources/libTrueTypeScaler.dylib
0x00007fff29eb1000 	/System/Library/Extensions/AppleIntelKBLGraphicsMTLDriver.bundle/Contents/MacOS/AppleIntelKBLGraphicsMTLDriver
0x00007fff4ad56000 	/System/Library/PrivateFrameworks/GPUCompiler.framework/Versions/3902/Libraries/libmetal_timestamp.dylib
0x00007fff4743e000 	/System/Library/PrivateFrameworks/FamilyControls.framework/Versions/A/FamilyControls
0x00007fff43bdd000 	/System/Library/PrivateFrameworks/CommerceKit.framework/Versions/A/Frameworks/CommerceCore.framework/Versions/A/CommerceCore
0x00007fff58586000 	/System/Library/PrivateFrameworks/SystemAdministration.framework/Versions/A/SystemAdministration
0x00007fff40dc6000 	/System/Library/PrivateFrameworks/AppContainer.framework/Versions/A/AppContainer
0x00007fff40de3000 	/System/Library/PrivateFrameworks/AppSandbox.framework/Versions/A/AppSandbox
0x00007fff55976000 	/System/Library/PrivateFrameworks/SecCodeWrapper.framework/Versions/A/SecCodeWrapper
0x00007fff5d315000 	/usr/lib/libsandbox.1.dylib
0x00007fff5adcf000 	/usr/lib/libMatch.1.dylib
0x00007fff461c9000 	/System/Library/PrivateFrameworks/DiskManagement.framework/Versions/A/DiskManagement
0x00007fff329a2000 	/System/Library/Frameworks/DirectoryService.framework/Versions/A/DirectoryService
0x00007fff460f6000 	/System/Library/PrivateFrameworks/DiskImages.framework/Versions/A/DiskImages
0x00007fff4f19c000 	/System/Library/PrivateFrameworks/LoginUIKit.framework/Versions/A/Frameworks/LoginUICore.framework/Versions/A/LoginUICore
0x00007fff5ab23000 	/usr/lib/libCoreStorage.dylib
0x00007fff5bb7d000 	/usr/lib/libcsfde.dylib
0x00007fff5d192000 	/usr/lib/libodfde.dylib
0x00007fff4fa22000 	/System/Library/PrivateFrameworks/MediaKit.framework/Versions/A/MediaKit
0x00007fff329ae000 	/System/Library/Frameworks/DiscRecording.framework/Versions/A/DiscRecording
0x00007fff46336000 	/System/Library/PrivateFrameworks/EFILogin.framework/Versions/A/EFILogin
0x00007fff53db3000 	/System/Library/PrivateFrameworks/ProtectedCloudStorage.framework/Versions/A/ProtectedCloudStorage
0x00007fff5bc11000 	/usr/lib/libcurl.4.dylib
0x00007fff5b9e4000 	/usr/lib/libcrypto.42.dylib
0x00007fff5d641000 	/usr/lib/libssl.44.dylib
0x00007fff34af8000 	/System/Library/Frameworks/LDAP.framework/Versions/A/LDAP
0x00007fff58c33000 	/System/Library/PrivateFrameworks/TrustEvaluationAgent.framework/Versions/A/TrustEvaluationAgent
0x00007fff5d352000 	/usr/lib/libsasl2.2.dylib
0x00007fff446ea000 	/System/Library/PrivateFrameworks/CoreDaemon.framework/Versions/B/CoreDaemon
0x00007fff415c2000 	/System/Library/PrivateFrameworks/AppleSRP.framework/Versions/A/AppleSRP
0x00007fff59ae3000 	/System/Library/PrivateFrameworks/ViewBridge.framework/Versions/A/ViewBridge
0x0000000111e8f000 	/usr/lib/libobjc-trampolines.dylib
0x0000000113482000 	/Library/Java/JavaVirtualMachines/jdk1.8.0_192.jdk/Contents/Home/jre/lib/libfontmanager.dylib
0x00000001134e9000 	/Users/worawat/eclipse-workspace/car-simulator-game/lib/natives/liblwjgl.jnilib
0x0000000113568000 	/Library/Java/JavaVirtualMachines/jdk1.8.0_192.jdk/Contents/Home/jre/lib/libjawt.dylib
0x00007fff3aa5e000 	/System/Library/Frameworks/OpenGL.framework/Versions/A/Resources/GLEngine.bundle/GLEngine
0x00007fff39eee000 	/System/Library/Frameworks/OpenGL.framework/Versions/A/Libraries/libGLProgrammability.dylib
0x00007fff290cf000 	/System/Library/Extensions/AppleIntelKBLGraphicsGLDriver.bundle/Contents/MacOS/AppleIntelKBLGraphicsGLDriver
0x00007fff4c3f0000 	/System/Library/PrivateFrameworks/GPUSupport.framework/Versions/A/Libraries/libGPUSupportMercury.dylib
0x00007fff3abf5000 	/System/Library/Frameworks/OpenGL.framework/Versions/A/Resources/GLRendererFloat.bundle/GLRendererFloat
0x00007fff394a2000 	/System/Library/Frameworks/OpenCL.framework/Versions/A/Libraries/libcldcpuengine.dylib
0x00007fff5b6b9000 	/usr/lib/libcrypto.35.dylib

VM Arguments:
jvm_args: -Djava.library.path=/Users/worawat/eclipse-workspace/car-simulator-game/lib/natives -Dfile.encoding=UTF-8 
java_command: engineTester.Simulator
java_class_path (initial): /Users/worawat/eclipse-workspace/car-simulator-game/bin:/Users/worawat/eclipse-workspace/car-simulator-game/lib/jars/lwjgl_util.jar:/Users/worawat/eclipse-workspace/car-simulator-game/lib/jars/lwjgl.jar:/Users/worawat/eclipse-workspace/car-simulator-game/lib/jars/slick-util.jar:/Users/worawat/eclipse-workspace/car-simulator-game/lib/gauge/steelseries-3.9.11.jar:/Users/worawat/eclipse-workspace/car-simulator-game/lib/gauge/trident-1.3.jar
Launcher Type: SUN_STANDARD

Environment Variables:
PATH=/Library/Frameworks/Python.framework/Versions/3.7/bin:/usr/local/bin:/usr/bin:/bin:/usr/sbin:/sbin:/Applications/VMware Fusion.app/Contents/Public:/usr/local/go/bin
SHELL=/bin/zsh

Signal Handlers:
SIGSEGV: [libjvm.dylib+0x5b67a9], sa_mask[0]=11111111011111110111111111111111, sa_flags=SA_ONSTACK|SA_RESTART|SA_SIGINFO
SIGBUS: [libjvm.dylib+0x5b67a9], sa_mask[0]=11111111011111110111111111111111, sa_flags=SA_RESTART|SA_SIGINFO
SIGFPE: [libjvm.dylib+0x48bf5c], sa_mask[0]=11111111011111110111111111111111, sa_flags=SA_RESTART|SA_SIGINFO
SIGPIPE: [libjvm.dylib+0x48bf5c], sa_mask[0]=11111111011111110111111111111111, sa_flags=SA_RESTART|SA_SIGINFO
SIGXFSZ: [libjvm.dylib+0x48bf5c], sa_mask[0]=11111111011111110111111111111111, sa_flags=SA_RESTART|SA_SIGINFO
SIGILL: [libjvm.dylib+0x48bf5c], sa_mask[0]=11111111011111110111111111111111, sa_flags=SA_RESTART|SA_SIGINFO
SIGUSR1: SIG_DFL, sa_mask[0]=00000000000000000000000000000000, sa_flags=none
SIGUSR2: [libjvm.dylib+0x48ba7a], sa_mask[0]=00100000000000000000000000000000, sa_flags=SA_RESTART|SA_SIGINFO
SIGHUP: [libjvm.dylib+0x48a005], sa_mask[0]=11111111011111110111111111111111, sa_flags=SA_RESTART|SA_SIGINFO
SIGINT: [libjvm.dylib+0x48a005], sa_mask[0]=11111111011111110111111111111111, sa_flags=SA_RESTART|SA_SIGINFO
SIGTERM: [libjvm.dylib+0x48a005], sa_mask[0]=11111111011111110111111111111111, sa_flags=SA_RESTART|SA_SIGINFO
SIGQUIT: [libjvm.dylib+0x48a005], sa_mask[0]=11111111011111110111111111111111, sa_flags=SA_RESTART|SA_SIGINFO


---------------  S Y S T E M  ---------------

OS:Bsduname:Darwin 18.2.0 Darwin Kernel Version 18.2.0: Fri Oct  5 19:41:49 PDT 2018; root:xnu-4903.221.2~2/RELEASE_X86_64 x86_64
rlimit: STACK 8192k, CORE 0k, NPROC 709, NOFILE 10240, AS infinity
load average:1.83 2.06 2.10

CPU:total 8 (initial active 8) (4 cores per cpu, 2 threads per core) family 6 model 142 stepping 10, cmov, cx8, fxsr, mmx, sse, sse2, sse3, ssse3, sse4.1, sse4.2, popcnt, avx, avx2, aes, clmul, erms, 3dnowpref, lzcnt, ht, tsc, tscinvbit, bmi1, bmi2, adx

Memory: 4k page, physical 8388608k(21260k free)

/proc/meminfo:


vm_info: Java HotSpot(TM) 64-Bit Server VM (25.192-b12) for bsd-amd64 JRE (1.8.0_192-b12), built on Oct  6 2018 09:36:52 by "java_re" with gcc 4.2.1 (Based on Apple Inc. build 5658) (LLVM build 2336.11.00)

time: Wed Nov 20 15:13:06 2019
timezone: KST
elapsed time: 1 seconds (0d 0h 0m 1s)

