#
# A fatal error has been detected by the Java Runtime Environment:
#
#  SIGSEGV (0xb) at pc=0x00007fff5ca12a1d, pid=62006, tid=0x0000000000000307
#
# JRE version: Java(TM) SE Runtime Environment (8.0_192-b12) (build 1.8.0_192-b12)
# Java VM: Java HotSpot(TM) 64-Bit Server VM (25.192-b12 mixed mode bsd-amd64 compressed oops)
# Problematic frame:
# C  [libobjc.A.dylib+0x7a1d]  objc_msgSend+0x1d
#
# Failed to write core dump. Core dumps have been disabled. To enable core dumping, try "ulimit -c unlimited" before starting Java again
#
# If you would like to submit a bug report, please visit:
#   http://bugreport.java.com/bugreport/crash.jsp
# The crash happened outside the Java Virtual Machine in native code.
# See problematic frame for where to report the bug.
#

---------------  T H R E A D  ---------------

Current thread (0x00007fc4390bd000):  JavaThread "AppKit Thread" daemon [_thread_in_native, id=775, stack(0x00007ffee5f14000,0x00007ffee6714000)]

siginfo: si_signo: 11 (SIGSEGV), si_code: 1 (SEGV_MAPERR), si_addr: 0x0000000000000018

Registers:
RAX=0x0000000000000002, RBX=0x00007fc435c1fc10, RCX=0x0000000000000000, RDX=0x00000000000fb1b0
RSP=0x00007ffee670e6e8, RBP=0x00007ffee670e710, RSI=0x00007fff2eabe85d, RDI=0x00007fc435c1fc10
R8 =0x0000000000000003, R9 =0x0000000000000000, R10=0x0000000000000000, R11=0x00007fff2eabe85d
R12=0x00007fc435dc1070, R13=0x00007fc435d33a00, R14=0x0000000000000094, R15=0x00007fc435c35910
RIP=0x00007fff5ca12a1d, EFLAGS=0x0000000000010246, ERR=0x0000000000000004
  TRAPNO=0x000000000000000e

Top of Stack: (sp=0x00007ffee670e6e8)
0x00007ffee670e6e8:   0000000127c7df4e 00007fc435dc1070
0x00007ffee670e6f8:   0000000127cb1cb8 0000000000000000
0x00007ffee670e708:   00007fc435dc1070 00007ffee670ebc0
0x00007ffee670e718:   00007fff2df7bf91 0000000000000000
0x00007ffee670e728:   0000000000000000 4094000000000000
0x00007ffee670e738:   4086800000000000 0000000000000000
0x00007ffee670e748:   0000000000000000 4094000000000000
0x00007ffee670e758:   4086800000000000 0000000000000000
0x00007ffee670e768:   0000000000000000 4094000000000000
0x00007ffee670e778:   4086800000000000 0000000000000000
0x00007ffee670e788:   0000000000000000 4094000000000000
0x00007ffee670e798:   4086800000000000 00007fc435dc2730
0x00007ffee670e7a8:   00007fc437a4b7e0 00007ffee670e7f0
0x00007ffee670e7b8:   00007fff2e0757c6 401c000000000000
0x00007ffee670e7c8:   4086980000000000 402c000000000000
0x00007ffee670e7d8:   4030000000000000 4030000000000000
0x00007ffee670e7e8:   4086980000000000 00007ffee670e920
0x00007ffee670e7f8:   00007fff2e075734 401c000000000000
0x00007ffee670e808:   4086980000000000 402c000000000000
0x00007ffee670e818:   4030000000000000 0000000000000000
0x00007ffee670e828:   0000000000000000 4094000000000000
0x00007ffee670e838:   4087300000000000 401c000000000000
0x00007ffee670e848:   4086980000000000 402c000000000000
0x00007ffee670e858:   4030000000000000 0000000000000000
0x00007ffee670e868:   0000000000000000 4094000000000000
0x00007ffee670e878:   4086800000000000 4040000000000000
0x00007ffee670e888:   403c000000000000 4043000000000000
0x00007ffee670e898:   4018000000000000 402c000000000000
0x00007ffee670e8a8:   4018000000000000 401c000000000000
0x00007ffee670e8b8:   4086980000000000 402c000000000000
0x00007ffee670e8c8:   4030000000000000 403c000000000000
0x00007ffee670e8d8:   4018000000000000 402c000000000000 

Instructions: (pc=0x00007fff5ca12a1d)
0x00007fff5ca129fd:   0f 1f 00 48 85 ff 2e 74 62 40 f6 c7 01 2e 75 66
0x00007fff5ca12a0d:   49 ba f8 ff ff ff ff 7f 00 00 4c 23 17 49 89 f3
0x00007fff5ca12a1d:   45 23 5a 18 49 c1 e3 04 4d 03 5a 10 49 3b 33 75
0x00007fff5ca12a2d:   04 41 ff 63 08 49 83 3b 01 76 0d 49 83 c3 10 49 

Register to memory mapping:

RAX=0x0000000000000002 is an unknown value
RBX=0x00007fc435c1fc10 is an unknown value
RCX=0x0000000000000000 is an unknown value
RDX=0x00000000000fb1b0 is an unknown value
RSP=0x00007ffee670e6e8 is pointing into the stack for thread: 0x00007fc4390bd000
RBP=0x00007ffee670e710 is pointing into the stack for thread: 0x00007fc4390bd000
RSI=0x00007fff2eabe85d: GCC_except_table7+0x6cd01 in /System/Library/Frameworks/AppKit.framework/Versions/C/AppKit at 0x00007fff2de4d000
RDI=0x00007fc435c1fc10 is an unknown value
R8 =0x0000000000000003 is an unknown value
R9 =0x0000000000000000 is an unknown value
R10=0x0000000000000000 is an unknown value
R11=0x00007fff2eabe85d: GCC_except_table7+0x6cd01 in /System/Library/Frameworks/AppKit.framework/Versions/C/AppKit at 0x00007fff2de4d000
R12=0x00007fc435dc1070 is an unknown value
R13=0x00007fc435d33a00 is an unknown value
R14=0x0000000000000094 is an unknown value
R15=0x00007fc435c35910 is an unknown value


Stack: [0x00007ffee5f14000,0x00007ffee6714000],  sp=0x00007ffee670e6e8,  free space=8169k
Native frames: (J=compiled Java code, j=interpreted, Vv=VM code, C=native code)
C  [libobjc.A.dylib+0x7a1d]  objc_msgSend+0x1d
C  [AppKit+0x12ef91]  -[NSView _recursiveDisplayRectIfNeededIgnoringOpacity:isVisibleRect:rectIsVisibleRectForView:topView:]+0xe43
C  [AppKit+0x12ed56]  -[NSView _recursiveDisplayRectIfNeededIgnoringOpacity:isVisibleRect:rectIsVisibleRectForView:topView:]+0xc08
C  [AppKit+0x12e128]  -[NSThemeFrame _recursiveDisplayRectIfNeededIgnoringOpacity:isVisibleRect:rectIsVisibleRectForView:topView:]+0x41
C  [AppKit+0x12ba5a]  -[NSView _oldDisplayRectIgnoringOpacity:isVisibleRect:rectIsVisibleRectForView:]+0x75f
C  [AppKit+0x12b099]  -[NSView _displayRectIgnoringOpacity:isVisibleRect:rectIsVisibleRectForView:]+0xfd
C  [AppKit+0x127c86]  -[NSView displayIfNeeded]+0x514
C  [AppKit+0x124a20]  -[NSWindow displayIfNeeded]+0x11b
C  [AppKit+0x12485f]  __NSWindowGetDisplayCycleObserverForDisplay_block_invoke+0x2d2
C  [AppKit+0x11f966]  NSDisplayCycleObserverInvoke+0xaa
C  [AppKit+0x11f4db]  NSDisplayCycleFlush+0x431
C  [QuartzCore+0x21b3]  _ZN2CA11Transaction19run_commit_handlersE18CATransactionPhase+0x31
C  [QuartzCore+0x1b7a]  _ZN2CA11Transaction6commitEv+0xba
C  [AppKit+0x11ee41]  __65+[CATransaction(NSCATransaction) NS_setFlushesWithDisplayRefresh]_block_invoke+0x112
C  [CoreFoundation+0x996ad]  __CFRUNLOOP_IS_CALLING_OUT_TO_AN_OBSERVER_CALLBACK_FUNCTION__+0x17
C  [CoreFoundation+0x995e2]  __CFRunLoopDoObservers+0x1c4
C  [CoreFoundation+0x3b109]  __CFRunLoopRun+0x48e
C  [CoreFoundation+0x3aa28]  CFRunLoopRunSpecific+0x1cf
C  [HIToolbox+0xab35]  RunCurrentEventLoopInMode+0x125
C  [HIToolbox+0xa774]  ReceiveNextEventCommon+0x173
C  [HIToolbox+0xa5e8]  _BlockUntilNextEventMatchingListInModeWithFilter+0x40
C  [AppKit+0x1aeb7]  _DPSNextEvent+0x3e5
C  [AppKit+0x19c56]  -[NSApplication(NSEvent) _nextEventMatchingEventMask:untilDate:inMode:dequeue:]+0x552
C  [libosxapp.dylib+0x2328]  -[NSApplicationAWT nextEventMatchingMask:untilDate:inMode:dequeue:]+0x7c
C  [AppKit+0x13cb9]  -[NSApplication run]+0x2bb
C  [libosxapp.dylib+0x1f72]  +[NSApplicationAWT runAWTLoopWithApp:]+0x9c
C  [libawt_lwawt.dylib+0x4711f]  -[AWTStarter starter:]+0x389
C  [Foundation+0xb1abb]  __NSThreadPerformPerform+0x147
C  [CoreFoundation+0x58155]  __CFRUNLOOP_IS_CALLING_OUT_TO_A_SOURCE0_PERFORM_FUNCTION__+0x11
C  [CoreFoundation+0x580fb]  __CFRunLoopDoSource0+0x6c
C  [CoreFoundation+0x3bb95]  __CFRunLoopDoSources0+0xc3
C  [CoreFoundation+0x3b13e]  __CFRunLoopRun+0x4c3
C  [CoreFoundation+0x3aa28]  CFRunLoopRunSpecific+0x1cf
C  [java+0x646e]  CreateExecutionEnvironment+0x367
C  [java+0x203c]  JLI_Launch+0x7a0
C  [java+0x84cb]  main+0x65
C  [java+0x1894]  start+0x34
C  0x0000000000000006


---------------  P R O C E S S  ---------------

Java Threads: ( => current thread )
  0x00007fc436357000 JavaThread "TimerQueue" daemon [_thread_blocked, id=59919, stack(0x000070000f921000,0x000070000fa21000)]
  0x00007fc436b8c800 JavaThread "AWT-EventQueue-0" [_thread_in_native, id=59115, stack(0x000070000f81e000,0x000070000f91e000)]
  0x00007fc436aeb000 JavaThread "Java2D Disposer" daemon [_thread_blocked, id=76815, stack(0x000070000f71b000,0x000070000f81b000)]
  0x00007fc439190800 JavaThread "Java2D Queue Flusher" daemon [_thread_blocked, id=54539, stack(0x000070000f618000,0x000070000f718000)]
  0x00007fc438097800 JavaThread "AWT-Shutdown" [_thread_blocked, id=27175, stack(0x000070000f180000,0x000070000f280000)]
=>0x00007fc4390bd000 JavaThread "AppKit Thread" daemon [_thread_in_native, id=775, stack(0x00007ffee5f14000,0x00007ffee6714000)]
  0x00007fc438000000 JavaThread "Service Thread" daemon [_thread_blocked, id=14595, stack(0x000070000ef7a000,0x000070000f07a000)]
  0x00007fc436034800 JavaThread "C1 CompilerThread3" daemon [_thread_blocked, id=15875, stack(0x000070000ee77000,0x000070000ef77000)]
  0x00007fc436033800 JavaThread "C2 CompilerThread2" daemon [_thread_blocked, id=16387, stack(0x000070000ed74000,0x000070000ee74000)]
  0x00007fc436033000 JavaThread "C2 CompilerThread1" daemon [_thread_blocked, id=14339, stack(0x000070000ec71000,0x000070000ed71000)]
  0x00007fc436031000 JavaThread "C2 CompilerThread0" daemon [_thread_blocked, id=16899, stack(0x000070000eb6e000,0x000070000ec6e000)]
  0x00007fc436030800 JavaThread "Signal Dispatcher" daemon [_thread_blocked, id=17155, stack(0x000070000ea6b000,0x000070000eb6b000)]
  0x00007fc436843800 JavaThread "Finalizer" daemon [_thread_blocked, id=18947, stack(0x000070000e968000,0x000070000ea68000)]
  0x00007fc436843000 JavaThread "Reference Handler" daemon [_thread_blocked, id=12291, stack(0x000070000e865000,0x000070000e965000)]
  0x00007fc438001800 JavaThread "main" [_thread_in_native, id=9731, stack(0x000070000de47000,0x000070000df47000)]

Other Threads:
  0x00007fc43683e800 VMThread [stack: 0x000070000e762000,0x000070000e862000] [id=19203]
  0x00007fc438010800 WatcherThread [stack: 0x000070000f07d000,0x000070000f17d000] [id=15107]

VM state:not at safepoint (normal execution)

VM Mutex/Monitor currently owned by a thread: None

heap address: 0x0000000740000000, size: 2048 MB, Compressed Oops mode: Zero based, Oop shift amount: 3
Narrow klass base: 0x0000000000000000, Narrow klass shift: 3
Compressed class space size: 1073741824 Address: 0x00000007c0000000

Heap:
 PSYoungGen      total 71680K, used 18796K [0x0000000795580000, 0x000000079e580000, 0x00000007c0000000)
  eden space 66560K, 22% used [0x0000000795580000,0x00000007963fd1b8,0x0000000799680000)
  from space 5120K, 77% used [0x0000000799680000,0x0000000799a5deb0,0x0000000799b80000)
  to   space 7168K, 0% used [0x000000079de80000,0x000000079de80000,0x000000079e580000)
 ParOldGen       total 87552K, used 1880K [0x0000000740000000, 0x0000000745580000, 0x0000000795580000)
  object space 87552K, 2% used [0x0000000740000000,0x00000007401d6010,0x0000000745580000)
 Metaspace       used 16995K, capacity 17253K, committed 17280K, reserved 1064960K
  class space    used 2054K, capacity 2149K, committed 2176K, reserved 1048576K

Card table byte_map: [0x000000010b976000,0x000000010bd77000] byte_map_base: 0x0000000107f76000

Marking Bits: (ParMarkBitMap*) 0x000000010aefae40
 Begin Bits: [0x000000011c7d1000, 0x000000011e7d1000)
 End Bits:   [0x000000011e7d1000, 0x00000001207d1000)

Polling page: 0x000000010955f000

CodeCache: size=245760Kb used=4878Kb max_used=4889Kb free=240881Kb
 bounds [0x000000010d7d1000, 0x000000010dca1000, 0x000000011c7d1000]
 total_blobs=2116 nmethods=1404 adapters=625
 compilation: enabled

Compilation events (10 events):
Event: 3.297 Thread 0x00007fc436033000 nmethod 1396 0x000000010dc8f310 code [0x000000010dc8f460, 0x000000010dc8f4f8]
Event: 3.297 Thread 0x00007fc436034800 nmethod 1394 0x000000010dc93e90 code [0x000000010dc94080, 0x000000010dc948d8]
Event: 3.297 Thread 0x00007fc436034800 1395       3       sun.java2d.pipe.RegionIterator::nextYRange (105 bytes)
Event: 3.297 Thread 0x00007fc436034800 nmethod 1395 0x000000010dc938d0 code [0x000000010dc93a40, 0x000000010dc93cd0]
Event: 3.309 Thread 0x00007fc436034800 1397       3       java.util.WeakHashMap::get (77 bytes)
Event: 3.309 Thread 0x00007fc436033800 1398       4       java.nio.DirectByteBuffer::put (18 bytes)
Event: 3.309 Thread 0x00007fc436034800 nmethod 1397 0x000000010dc92ad0 code [0x000000010dc92cc0, 0x000000010dc93568]
Event: 3.309 Thread 0x00007fc436033800 nmethod 1398 0x000000010dc92810 code [0x000000010dc92960, 0x000000010dc92a18]
Event: 3.313 Thread 0x00007fc436031000 1399       4       sun.java2d.pipe.Region::clipAdd (40 bytes)
Event: 3.314 Thread 0x00007fc436031000 nmethod 1399 0x000000010dc8f0d0 code [0x000000010dc8f220, 0x000000010dc8f298]

GC Heap History (10 events):
Event: 1.185 GC heap before
{Heap before GC invocations=1 (full 0):
 PSYoungGen      total 38400K, used 33280K [0x0000000795580000, 0x0000000798000000, 0x00000007c0000000)
  eden space 33280K, 100% used [0x0000000795580000,0x0000000797600000,0x0000000797600000)
  from space 5120K, 0% used [0x0000000797b00000,0x0000000797b00000,0x0000000798000000)
  to   space 5120K, 0% used [0x0000000797600000,0x0000000797600000,0x0000000797b00000)
 ParOldGen       total 87552K, used 0K [0x0000000740000000, 0x0000000745580000, 0x0000000795580000)
  object space 87552K, 0% used [0x0000000740000000,0x0000000740000000,0x0000000745580000)
 Metaspace       used 9975K, capacity 10171K, committed 10496K, reserved 1058816K
  class space    used 1097K, capacity 1186K, committed 1280K, reserved 1048576K
Event: 1.191 GC heap after
Heap after GC invocations=1 (full 0):
 PSYoungGen      total 38400K, used 2975K [0x0000000795580000, 0x0000000798000000, 0x00000007c0000000)
  eden space 33280K, 0% used [0x0000000795580000,0x0000000795580000,0x0000000797600000)
  from space 5120K, 58% used [0x0000000797600000,0x00000007978e7c88,0x0000000797b00000)
  to   space 5120K, 0% used [0x0000000797b00000,0x0000000797b00000,0x0000000798000000)
 ParOldGen       total 87552K, used 8K [0x0000000740000000, 0x0000000745580000, 0x0000000795580000)
  object space 87552K, 0% used [0x0000000740000000,0x0000000740002000,0x0000000745580000)
 Metaspace       used 9975K, capacity 10171K, committed 10496K, reserved 1058816K
  class space    used 1097K, capacity 1186K, committed 1280K, reserved 1048576K
}
Event: 1.227 GC heap before
{Heap before GC invocations=2 (full 0):
 PSYoungGen      total 38400K, used 36255K [0x0000000795580000, 0x0000000798000000, 0x00000007c0000000)
  eden space 33280K, 100% used [0x0000000795580000,0x0000000797600000,0x0000000797600000)
  from space 5120K, 58% used [0x0000000797600000,0x00000007978e7c88,0x0000000797b00000)
  to   space 5120K, 0% used [0x0000000797b00000,0x0000000797b00000,0x0000000798000000)
 ParOldGen       total 87552K, used 8K [0x0000000740000000, 0x0000000745580000, 0x0000000795580000)
  object space 87552K, 0% used [0x0000000740000000,0x0000000740002000,0x0000000745580000)
 Metaspace       used 9995K, capacity 10171K, committed 10496K, reserved 1058816K
  class space    used 1097K, capacity 1186K, committed 1280K, reserved 1048576K
Event: 1.230 GC heap after
Heap after GC invocations=2 (full 0):
 PSYoungGen      total 38400K, used 3719K [0x0000000795580000, 0x000000079a080000, 0x00000007c0000000)
  eden space 33280K, 0% used [0x0000000795580000,0x0000000795580000,0x0000000797600000)
  from space 5120K, 72% used [0x0000000797b00000,0x0000000797ea1c40,0x0000000798000000)
  to   space 5120K, 0% used [0x0000000797600000,0x0000000797600000,0x0000000797b00000)
 ParOldGen       total 87552K, used 16K [0x0000000740000000, 0x0000000745580000, 0x0000000795580000)
  object space 87552K, 0% used [0x0000000740000000,0x0000000740004000,0x0000000745580000)
 Metaspace       used 9995K, capacity 10171K, committed 10496K, reserved 1058816K
  class space    used 1097K, capacity 1186K, committed 1280K, reserved 1048576K
}
Event: 1.253 GC heap before
{Heap before GC invocations=3 (full 0):
 PSYoungGen      total 38400K, used 36999K [0x0000000795580000, 0x000000079a080000, 0x00000007c0000000)
  eden space 33280K, 100% used [0x0000000795580000,0x0000000797600000,0x0000000797600000)
  from space 5120K, 72% used [0x0000000797b00000,0x0000000797ea1c40,0x0000000798000000)
  to   space 5120K, 0% used [0x0000000797600000,0x0000000797600000,0x0000000797b00000)
 ParOldGen       total 87552K, used 16K [0x0000000740000000, 0x0000000745580000, 0x0000000795580000)
  object space 87552K, 0% used [0x0000000740000000,0x0000000740004000,0x0000000745580000)
 Metaspace       used 9999K, capacity 10235K, committed 10496K, reserved 1058816K
  class space    used 1097K, capacity 1186K, committed 1280K, reserved 1048576K
Event: 1.258 GC heap after
Heap after GC invocations=3 (full 0):
 PSYoungGen      total 38400K, used 5107K [0x0000000795580000, 0x000000079a080000, 0x00000007c0000000)
  eden space 33280K, 0% used [0x0000000795580000,0x0000000795580000,0x0000000797600000)
  from space 5120K, 99% used [0x0000000797600000,0x0000000797afcd40,0x0000000797b00000)
  to   space 5120K, 0% used [0x0000000799b80000,0x0000000799b80000,0x000000079a080000)
 ParOldGen       total 87552K, used 488K [0x0000000740000000, 0x0000000745580000, 0x0000000795580000)
  object space 87552K, 0% used [0x0000000740000000,0x000000074007a010,0x0000000745580000)
 Metaspace       used 9999K, capacity 10235K, committed 10496K, reserved 1058816K
  class space    used 1097K, capacity 1186K, committed 1280K, reserved 1048576K
}
Event: 1.281 GC heap before
{Heap before GC invocations=4 (full 0):
 PSYoungGen      total 38400K, used 38387K [0x0000000795580000, 0x000000079a080000, 0x00000007c0000000)
  eden space 33280K, 100% used [0x0000000795580000,0x0000000797600000,0x0000000797600000)
  from space 5120K, 99% used [0x0000000797600000,0x0000000797afcd40,0x0000000797b00000)
  to   space 5120K, 0% used [0x0000000799b80000,0x0000000799b80000,0x000000079a080000)
 ParOldGen       total 87552K, used 488K [0x0000000740000000, 0x0000000745580000, 0x0000000795580000)
  object space 87552K, 0% used [0x0000000740000000,0x000000074007a010,0x0000000745580000)
 Metaspace       used 10007K, capacity 10235K, committed 10496K, reserved 1058816K
  class space    used 1097K, capacity 1186K, committed 1280K, reserved 1048576K
Event: 1.290 GC heap after
Heap after GC invocations=4 (full 0):
 PSYoungGen      total 71680K, used 5101K [0x0000000795580000, 0x000000079a080000, 0x00000007c0000000)
  eden space 66560K, 0% used [0x0000000795580000,0x0000000795580000,0x0000000799680000)
  from space 5120K, 99% used [0x0000000799b80000,0x000000079a07b510,0x000000079a080000)
  to   space 5120K, 0% used [0x0000000799680000,0x0000000799680000,0x0000000799b80000)
 ParOldGen       total 87552K, used 1872K [0x0000000740000000, 0x0000000745580000, 0x0000000795580000)
  object space 87552K, 2% used [0x0000000740000000,0x00000007401d4010,0x0000000745580000)
 Metaspace       used 10007K, capacity 10235K, committed 10496K, reserved 1058816K
  class space    used 1097K, capacity 1186K, committed 1280K, reserved 1048576K
}
Event: 2.871 GC heap before
{Heap before GC invocations=5 (full 0):
 PSYoungGen      total 71680K, used 71661K [0x0000000795580000, 0x000000079a080000, 0x00000007c0000000)
  eden space 66560K, 100% used [0x0000000795580000,0x0000000799680000,0x0000000799680000)
  from space 5120K, 99% used [0x0000000799b80000,0x000000079a07b510,0x000000079a080000)
  to   space 5120K, 0% used [0x0000000799680000,0x0000000799680000,0x0000000799b80000)
 ParOldGen       total 87552K, used 1872K [0x0000000740000000, 0x0000000745580000, 0x0000000795580000)
  object space 87552K, 2% used [0x0000000740000000,0x00000007401d4010,0x0000000745580000)
 Metaspace       used 15200K, capacity 15389K, committed 15488K, reserved 1062912K
  class space    used 1827K, capacity 1897K, committed 1920K, reserved 1048576K
Event: 2.876 GC heap after
Heap after GC invocations=5 (full 0):
 PSYoungGen      total 71680K, used 3959K [0x0000000795580000, 0x000000079e580000, 0x00000007c0000000)
  eden space 66560K, 0% used [0x0000000795580000,0x0000000795580000,0x0000000799680000)
  from space 5120K, 77% used [0x0000000799680000,0x0000000799a5deb0,0x0000000799b80000)
  to   space 7168K, 0% used [0x000000079de80000,0x000000079de80000,0x000000079e580000)
 ParOldGen       total 87552K, used 1880K [0x0000000740000000, 0x0000000745580000, 0x0000000795580000)
  object space 87552K, 2% used [0x0000000740000000,0x00000007401d6010,0x0000000745580000)
 Metaspace       used 15200K, capacity 15389K, committed 15488K, reserved 1062912K
  class space    used 1827K, capacity 1897K, committed 1920K, reserved 1048576K
}

Deoptimization events (10 events):
Event: 2.877 Thread 0x00007fc438001800 Uncommon trap: reason=array_check action=maybe_recompile pc=0x000000010da4b658 method=java.util.AbstractCollection.toArray([Ljava/lang/Object;)[Ljava/lang/Object; @ 119
Event: 2.878 Thread 0x00007fc438001800 Uncommon trap: reason=array_check action=maybe_recompile pc=0x000000010da4b658 method=java.util.AbstractCollection.toArray([Ljava/lang/Object;)[Ljava/lang/Object; @ 119
Event: 2.892 Thread 0x00007fc438001800 Uncommon trap: reason=unstable_if action=reinterpret pc=0x000000010dbff9d4 method=java.awt.MultipleGradientPaintContext.indexIntoGradientsArrays(F)I @ 93
Event: 2.897 Thread 0x00007fc438001800 Uncommon trap: reason=unstable_if action=reinterpret pc=0x000000010dc11904 method=java.awt.MultipleGradientPaintContext.indexIntoGradientsArrays(F)I @ 13
Event: 3.029 Thread 0x00007fc438001800 Uncommon trap: reason=class_check action=maybe_recompile pc=0x000000010dbbd7b8 method=java.awt.Color.getAlpha()I @ 1
Event: 3.033 Thread 0x00007fc4390bd000 Uncommon trap: reason=class_check action=maybe_recompile pc=0x000000010dbbd7b8 method=java.awt.Color.getAlpha()I @ 1
Event: 3.052 Thread 0x00007fc4390bd000 Uncommon trap: reason=class_check action=maybe_recompile pc=0x000000010dbbd7b8 method=java.awt.Color.getAlpha()I @ 1
Event: 3.107 Thread 0x00007fc436b8c800 Uncommon trap: reason=class_check action=maybe_recompile pc=0x000000010dbbd7b8 method=java.awt.Color.getAlpha()I @ 1
Event: 3.107 Thread 0x00007fc436b8c800 Uncommon trap: reason=bimorphic action=maybe_recompile pc=0x000000010dc2a810 method=java.util.AbstractCollection.toArray([Ljava/lang/Object;)[Ljava/lang/Object; @ 51
Event: 3.291 Thread 0x00007fc436b8c800 Uncommon trap: reason=unstable_if action=reinterpret pc=0x000000010dc7bc3c method=sun.java2d.loops.GraphicsPrimitiveMgr.locate(Lsun/java2d/loops/GraphicsPrimitiveMgr$PrimitiveSpec;)Lsun/java2d/loops/GraphicsPrimitive; @ 85

Classes redefined (0 events):
No events

Internal exceptions (10 events):
Event: 0.477 Thread 0x00007fc438001800 Exception <a 'java/lang/UnsatisfiedLinkError'> (0x0000000795b46838) thrown at [/Users/java_re/workspace/8-2-build-macosx-x86_64/jdk8u192/11897/hotspot/src/share/vm/prims/jvm.cpp, line 1439]
Event: 2.876 Thread 0x00007fc438001800 Exception <a 'java/lang/NoClassDefFoundError': org/eclipse/swt/widgets/Widget> (0x0000000795582f58) thrown at [/Users/java_re/workspace/8-2-build-macosx-x86_64/jdk8u192/11897/hotspot/src/share/vm/classfile/systemDictionary.cpp, line 199]
Event: 2.877 Thread 0x00007fc438001800 Exception <a 'java/lang/NoClassDefFoundError': org/eclipse/swt/graphics/Device> (0x000000079558f3c8) thrown at [/Users/java_re/workspace/8-2-build-macosx-x86_64/jdk8u192/11897/hotspot/src/share/vm/classfile/systemDictionary.cpp, line 199]
Event: 2.877 Thread 0x00007fc438001800 Exception <a 'java/lang/reflect/InvocationTargetException'> (0x000000079558f5d0) thrown at [/Users/java_re/workspace/8-2-build-macosx-x86_64/jdk8u192/11897/hotspot/src/share/vm/runtime/reflection.cpp, line 1092]
Event: 2.877 Thread 0x00007fc438001800 Exception <a 'java/lang/NoClassDefFoundError'> (0x000000079558f3c8) thrown at [/Users/java_re/workspace/8-2-build-macosx-x86_64/jdk8u192/11897/hotspot/src/share/vm/prims/jni.cpp, line 709]
Event: 2.877 Thread 0x00007fc438001800 Exception <a 'java/lang/NoClassDefFoundError': android/view/View> (0x0000000795595640) thrown at [/Users/java_re/workspace/8-2-build-macosx-x86_64/jdk8u192/11897/hotspot/src/share/vm/classfile/systemDictionary.cpp, line 199]
Event: 2.879 Thread 0x00007fc438001800 Exception <a 'java/lang/NoClassDefFoundError': android/graphics/RectF> (0x00000007955b1a20) thrown at [/Users/java_re/workspace/8-2-build-macosx-x86_64/jdk8u192/11897/hotspot/src/share/vm/classfile/systemDictionary.cpp, line 199]
Event: 2.879 Thread 0x00007fc438001800 Exception <a 'java/lang/NoClassDefFoundError': android/graphics/Rect> (0x00000007955b3600) thrown at [/Users/java_re/workspace/8-2-build-macosx-x86_64/jdk8u192/11897/hotspot/src/share/vm/classfile/systemDictionary.cpp, line 199]
Event: 2.879 Thread 0x00007fc438001800 Exception <a 'java/lang/NoClassDefFoundError': android/graphics/Color> (0x00000007955b51e0) thrown at [/Users/java_re/workspace/8-2-build-macosx-x86_64/jdk8u192/11897/hotspot/src/share/vm/classfile/systemDictionary.cpp, line 199]
Event: 2.879 Thread 0x00007fc438001800 Exception <a 'java/lang/NoClassDefFoundError': android/graphics/Point> (0x00000007955b6dc0) thrown at [/Users/java_re/workspace/8-2-build-macosx-x86_64/jdk8u192/11897/hotspot/src/share/vm/classfile/systemDictionary.cpp, line 199]

Events (10 events):
Event: 3.296 loading class sun/java2d/pipe/RegionSpanIterator
Event: 3.296 loading class sun/java2d/pipe/SpanIterator
Event: 3.296 loading class sun/java2d/pipe/SpanIterator done
Event: 3.296 loading class sun/java2d/pipe/RegionSpanIterator done
Event: 3.298 loading class sun/text/resources/en/FormatData_en_US
Event: 3.298 loading class sun/text/resources/en/FormatData_en_US done
Event: 3.298 loading class sun/util/resources/en/CurrencyNames_en_US
Event: 3.298 loading class sun/util/resources/en/CurrencyNames_en_US done
Event: 3.308 loading class org/lwjgl/opengl/CallbackUtil
Event: 3.308 loading class org/lwjgl/opengl/CallbackUtil done


Dynamic libraries:
0x00007fff300b5000 	/System/Library/Frameworks/Cocoa.framework/Versions/A/Cocoa
0x00007fff3c35f000 	/System/Library/Frameworks/Security.framework/Versions/A/Security
0x00007fff2ecbf000 	/System/Library/Frameworks/ApplicationServices.framework/Versions/A/ApplicationServices
0x00007fff5d8ee000 	/usr/lib/libz.1.dylib
0x00007fff5af65000 	/usr/lib/libSystem.B.dylib
0x00007fff5ca0b000 	/usr/lib/libobjc.A.dylib
0x00007fff308d8000 	/System/Library/Frameworks/CoreFoundation.framework/Versions/A/CoreFoundation
0x00007fff32c5d000 	/System/Library/Frameworks/Foundation.framework/Versions/C/Foundation
0x00007fff2de4d000 	/System/Library/Frameworks/AppKit.framework/Versions/C/AppKit
0x00007fff3044c000 	/System/Library/Frameworks/CoreData.framework/Versions/A/CoreData
0x00007fff5414b000 	/System/Library/PrivateFrameworks/RemoteViewServices.framework/Versions/A/RemoteViewServices
0x00007fff58c3a000 	/System/Library/PrivateFrameworks/UIFoundation.framework/Versions/A/UIFoundation
0x00007fff5a3ec000 	/System/Library/PrivateFrameworks/XCTTargetBootstrap.framework/Versions/A/XCTTargetBootstrap
0x00007fff4ec61000 	/System/Library/PrivateFrameworks/IconServices.framework/Versions/A/IconServices
0x00007fff35518000 	/System/Library/Frameworks/Metal.framework/Versions/A/Metal
0x00007fff45e6b000 	/System/Library/PrivateFrameworks/DesktopServicesPriv.framework/Versions/A/DesktopServicesPriv
0x00007fff5bd1f000 	/usr/lib/libenergytrace.dylib
0x00007fff569af000 	/System/Library/PrivateFrameworks/SkyLight.framework/Versions/A/SkyLight
0x00007fff30d27000 	/System/Library/Frameworks/CoreGraphics.framework/Versions/A/CoreGraphics
0x00007fff2cc08000 	/System/Library/Frameworks/Accelerate.framework/Versions/A/Accelerate
0x00007fff333e6000 	/System/Library/Frameworks/IOSurface.framework/Versions/A/IOSurface
0x00007fff45ccd000 	/System/Library/PrivateFrameworks/DFRFoundation.framework/Versions/A/DFRFoundation
0x00007fff2f1c4000 	/System/Library/Frameworks/AudioToolbox.framework/Versions/A/AudioToolbox
0x00007fff2f462000 	/System/Library/Frameworks/AudioUnit.framework/Versions/A/AudioUnit
0x00007fff45d64000 	/System/Library/PrivateFrameworks/DataDetectorsCore.framework/Versions/A/DataDetectorsCore
0x00007fff2fba1000 	/System/Library/Frameworks/Carbon.framework/Versions/A/Frameworks/HIToolbox.framework/Versions/A/HIToolbox
0x00007fff5be7a000 	/usr/lib/libicucore.A.dylib
0x00007fff3b8b9000 	/System/Library/Frameworks/QuartzCore.framework/Versions/A/QuartzCore
0x00007fff2ff88000 	/System/Library/Frameworks/Carbon.framework/Versions/A/Frameworks/SpeechRecognition.framework/Versions/A/SpeechRecognition
0x00007fff5b0c8000 	/usr/lib/libauto.dylib
0x00007fff5d7e1000 	/usr/lib/libxml2.2.dylib
0x00007fff458cc000 	/System/Library/PrivateFrameworks/CoreUI.framework/Versions/A/CoreUI
0x00007fff3032a000 	/System/Library/Frameworks/CoreAudio.framework/Versions/A/CoreAudio
0x00007fff32a8f000 	/System/Library/Frameworks/DiskArbitration.framework/Versions/A/DiskArbitration
0x00007fff5c12a000 	/usr/lib/liblangid.dylib
0x00007fff5010d000 	/System/Library/PrivateFrameworks/MultitouchSupport.framework/Versions/A/MultitouchSupport
0x00007fff33352000 	/System/Library/Frameworks/IOKit.framework/Versions/A/IOKit
0x00007fff5abb3000 	/usr/lib/libDiagnosticMessagesClient.dylib
0x00007fff31b95000 	/System/Library/Frameworks/CoreServices.framework/Versions/A/CoreServices
0x00007fff51e3c000 	/System/Library/PrivateFrameworks/PerformanceAnalysis.framework/Versions/A/PerformanceAnalysis
0x00007fff3aa4e000 	/System/Library/Frameworks/OpenGL.framework/Versions/A/OpenGL
0x00007fff300c3000 	/System/Library/Frameworks/ColorSync.framework/Versions/A/ColorSync
0x00007fff313b6000 	/System/Library/Frameworks/CoreImage.framework/Versions/A/CoreImage
0x00007fff325d8000 	/System/Library/Frameworks/CoreText.framework/Versions/A/CoreText
0x00007fff33447000 	/System/Library/Frameworks/ImageIO.framework/Versions/A/ImageIO
0x00007fff41f25000 	/System/Library/PrivateFrameworks/Backup.framework/Versions/A/Backup
0x00007fff5b01b000 	/usr/lib/libarchive.2.dylib
0x00007fff2f7c6000 	/System/Library/Frameworks/CFNetwork.framework/Versions/A/CFNetwork
0x00007fff3cb08000 	/System/Library/Frameworks/SystemConfiguration.framework/Versions/A/SystemConfiguration
0x00007fff5aadc000 	/usr/lib/libCRFSuite.dylib
0x00007fff5b1bf000 	/usr/lib/libc++.1.dylib
0x00007fff5b217000 	/usr/lib/libc++abi.dylib
0x00007fff5d971000 	/usr/lib/system/libcache.dylib
0x00007fff5d976000 	/usr/lib/system/libcommonCrypto.dylib
0x00007fff5d981000 	/usr/lib/system/libcompiler_rt.dylib
0x00007fff5d989000 	/usr/lib/system/libcopyfile.dylib
0x00007fff5d993000 	/usr/lib/system/libcorecrypto.dylib
0x00007fff5da9e000 	/usr/lib/system/libdispatch.dylib
0x00007fff5dad9000 	/usr/lib/system/libdyld.dylib
0x00007fff5db09000 	/usr/lib/system/libkeymgr.dylib
0x00007fff5db17000 	/usr/lib/system/liblaunch.dylib
0x00007fff5db18000 	/usr/lib/system/libmacho.dylib
0x00007fff5db1e000 	/usr/lib/system/libquarantine.dylib
0x00007fff5db21000 	/usr/lib/system/libremovefile.dylib
0x00007fff5db23000 	/usr/lib/system/libsystem_asl.dylib
0x00007fff5db3b000 	/usr/lib/system/libsystem_blocks.dylib
0x00007fff5db3c000 	/usr/lib/system/libsystem_c.dylib
0x00007fff5dbc5000 	/usr/lib/system/libsystem_configuration.dylib
0x00007fff5dbc9000 	/usr/lib/system/libsystem_coreservices.dylib
0x00007fff5dbcd000 	/usr/lib/system/libsystem_darwin.dylib
0x00007fff5dbd4000 	/usr/lib/system/libsystem_dnssd.dylib
0x00007fff5dbdb000 	/usr/lib/system/libsystem_info.dylib
0x00007fff5dc50000 	/usr/lib/system/libsystem_m.dylib
0x00007fff5dc9c000 	/usr/lib/system/libsystem_malloc.dylib
0x00007fff5dcc1000 	/usr/lib/system/libsystem_networkextension.dylib
0x00007fff5dccd000 	/usr/lib/system/libsystem_notify.dylib
0x00007fff5dcea000 	/usr/lib/system/libsystem_sandbox.dylib
0x00007fff5dcee000 	/usr/lib/system/libsystem_secinit.dylib
0x00007fff5dc28000 	/usr/lib/system/libsystem_kernel.dylib
0x00007fff5dcd5000 	/usr/lib/system/libsystem_platform.dylib
0x00007fff5dcdf000 	/usr/lib/system/libsystem_pthread.dylib
0x00007fff5dcf1000 	/usr/lib/system/libsystem_symptoms.dylib
0x00007fff5dcf9000 	/usr/lib/system/libsystem_trace.dylib
0x00007fff5dd10000 	/usr/lib/system/libunwind.dylib
0x00007fff5dd16000 	/usr/lib/system/libxpc.dylib
0x00007fff5b19f000 	/usr/lib/libbsm.0.dylib
0x00007fff5db0a000 	/usr/lib/system/libkxld.dylib
0x00007fff411d3000 	/System/Library/PrivateFrameworks/AppleFSCompression.framework/Versions/A/AppleFSCompression
0x00007fff5ae24000 	/usr/lib/libOpenScriptingUtil.dylib
0x00007fff5b502000 	/usr/lib/libcoretls.dylib
0x00007fff5b519000 	/usr/lib/libcoretls_cfhelpers.dylib
0x00007fff5d1a4000 	/usr/lib/libpam.2.dylib
0x00007fff5d367000 	/usr/lib/libsqlite3.dylib
0x00007fff5d7cf000 	/usr/lib/libxar.1.dylib
0x00007fff5b1b0000 	/usr/lib/libbz2.1.0.dylib
0x00007fff5c12c000 	/usr/lib/liblzma.5.dylib
0x00007fff5c622000 	/usr/lib/libnetwork.dylib
0x00007fff5b004000 	/usr/lib/libapple_nghttp2.dylib
0x00007fff5d1ab000 	/usr/lib/libpcap.A.dylib
0x00007fff31f39000 	/System/Library/Frameworks/CoreServices.framework/Versions/A/Frameworks/FSEvents.framework/Versions/A/FSEvents
0x00007fff31c15000 	/System/Library/Frameworks/CoreServices.framework/Versions/A/Frameworks/CarbonCore.framework/Versions/A/CarbonCore
0x00007fff3210e000 	/System/Library/Frameworks/CoreServices.framework/Versions/A/Frameworks/Metadata.framework/Versions/A/Metadata
0x00007fff321b1000 	/System/Library/Frameworks/CoreServices.framework/Versions/A/Frameworks/OSServices.framework/Versions/A/OSServices
0x00007fff321fd000 	/System/Library/Frameworks/CoreServices.framework/Versions/A/Frameworks/SearchKit.framework/Versions/A/SearchKit
0x00007fff31b96000 	/System/Library/Frameworks/CoreServices.framework/Versions/A/Frameworks/AE.framework/Versions/A/AE
0x00007fff31f42000 	/System/Library/Frameworks/CoreServices.framework/Versions/A/Frameworks/LaunchServices.framework/Versions/A/LaunchServices
0x00007fff31eee000 	/System/Library/Frameworks/CoreServices.framework/Versions/A/Frameworks/DictionaryServices.framework/Versions/A/DictionaryServices
0x00007fff3226c000 	/System/Library/Frameworks/CoreServices.framework/Versions/A/Frameworks/SharedFileList.framework/Versions/A/SharedFileList
0x00007fff369df000 	/System/Library/Frameworks/NetFS.framework/Versions/A/NetFS
0x00007fff503aa000 	/System/Library/PrivateFrameworks/NetAuth.framework/Versions/A/NetAuth
0x00007fff5a820000 	/System/Library/PrivateFrameworks/login.framework/Versions/A/Frameworks/loginsupport.framework/Versions/A/loginsupport
0x00007fff58833000 	/System/Library/PrivateFrameworks/TCC.framework/Versions/A/TCC
0x00007fff44eef000 	/System/Library/PrivateFrameworks/CoreNLP.framework/Versions/A/CoreNLP
0x00007fff4fdff000 	/System/Library/PrivateFrameworks/MetadataUtilities.framework/Versions/A/MetadataUtilities
0x00007fff5c20d000 	/usr/lib/libmecabra.dylib
0x00007fff2ecc0000 	/System/Library/Frameworks/ApplicationServices.framework/Versions/A/Frameworks/ATS.framework/Versions/A/ATS
0x00007fff2f02b000 	/System/Library/Frameworks/ApplicationServices.framework/Versions/A/Frameworks/ColorSyncLegacy.framework/Versions/A/ColorSyncLegacy
0x00007fff2f0cc000 	/System/Library/Frameworks/ApplicationServices.framework/Versions/A/Frameworks/HIServices.framework/Versions/A/HIServices
0x00007fff2f11f000 	/System/Library/Frameworks/ApplicationServices.framework/Versions/A/Frameworks/LangAnalysis.framework/Versions/A/LangAnalysis
0x00007fff2f12e000 	/System/Library/Frameworks/ApplicationServices.framework/Versions/A/Frameworks/PrintCore.framework/Versions/A/PrintCore
0x00007fff2f17b000 	/System/Library/Frameworks/ApplicationServices.framework/Versions/A/Frameworks/QD.framework/Versions/A/QD
0x00007fff2f1b7000 	/System/Library/Frameworks/ApplicationServices.framework/Versions/A/Frameworks/SpeechSynthesis.framework/Versions/A/SpeechSynthesis
0x00007fff5b23f000 	/usr/lib/libcompression.dylib
0x00007fff307ee000 	/System/Library/Frameworks/CoreDisplay.framework/Versions/A/CoreDisplay
0x00007fff357e0000 	/System/Library/Frameworks/MetalPerformanceShaders.framework/Versions/A/MetalPerformanceShaders
0x00007fff2cc20000 	/System/Library/Frameworks/Accelerate.framework/Versions/A/Frameworks/vImage.framework/Versions/A/vImage
0x00007fff2dc9c000 	/System/Library/Frameworks/Accelerate.framework/Versions/A/Frameworks/vecLib.framework/Versions/A/vecLib
0x00007fff2dbe6000 	/System/Library/Frameworks/Accelerate.framework/Versions/A/Frameworks/vecLib.framework/Versions/A/libvMisc.dylib
0x00007fff2da01000 	/System/Library/Frameworks/Accelerate.framework/Versions/A/Frameworks/vecLib.framework/Versions/A/libvDSP.dylib
0x00007fff2d2c1000 	/System/Library/Frameworks/Accelerate.framework/Versions/A/Frameworks/vecLib.framework/Versions/A/libBLAS.dylib
0x00007fff2d5ac000 	/System/Library/Frameworks/Accelerate.framework/Versions/A/Frameworks/vecLib.framework/Versions/A/libLAPACK.dylib
0x00007fff2d953000 	/System/Library/Frameworks/Accelerate.framework/Versions/A/Frameworks/vecLib.framework/Versions/A/libLinearAlgebra.dylib
0x00007fff2d9ed000 	/System/Library/Frameworks/Accelerate.framework/Versions/A/Frameworks/vecLib.framework/Versions/A/libSparseBLAS.dylib
0x00007fff2d969000 	/System/Library/Frameworks/Accelerate.framework/Versions/A/Frameworks/vecLib.framework/Versions/A/libQuadrature.dylib
0x00007fff2d539000 	/System/Library/Frameworks/Accelerate.framework/Versions/A/Frameworks/vecLib.framework/Versions/A/libBNNS.dylib
0x00007fff2d96f000 	/System/Library/Frameworks/Accelerate.framework/Versions/A/Frameworks/vecLib.framework/Versions/A/libSparse.dylib
0x00007fff4c3fc000 	/System/Library/PrivateFrameworks/GPUWrangler.framework/Versions/A/GPUWrangler
0x00007fff4e828000 	/System/Library/PrivateFrameworks/IOAccelerator.framework/Versions/A/IOAccelerator
0x00007fff4e833000 	/System/Library/PrivateFrameworks/IOPresentment.framework/Versions/A/IOPresentment
0x00007fff45cdd000 	/System/Library/PrivateFrameworks/DSExternalDisplay.framework/Versions/A/DSExternalDisplay
0x00007fff39e93000 	/System/Library/Frameworks/OpenGL.framework/Versions/A/Libraries/libCoreFSCache.dylib
0x00007fff355c8000 	/System/Library/Frameworks/MetalPerformanceShaders.framework/Frameworks/MPSCore.framework/Versions/A/MPSCore
0x00007fff355e9000 	/System/Library/Frameworks/MetalPerformanceShaders.framework/Frameworks/MPSImage.framework/Versions/A/MPSImage
0x00007fff35691000 	/System/Library/Frameworks/MetalPerformanceShaders.framework/Frameworks/MPSNeuralNetwork.framework/Versions/A/MPSNeuralNetwork
0x00007fff35668000 	/System/Library/Frameworks/MetalPerformanceShaders.framework/Frameworks/MPSMatrix.framework/Versions/A/MPSMatrix
0x00007fff357c4000 	/System/Library/Frameworks/MetalPerformanceShaders.framework/Frameworks/MPSRayIntersector.framework/Versions/A/MPSRayIntersector
0x00007fff4fe28000 	/System/Library/PrivateFrameworks/MetalTools.framework/Versions/A/MetalTools
0x00007fff408ce000 	/System/Library/PrivateFrameworks/AggregateDictionary.framework/Versions/A/AggregateDictionary
0x00007fff5ae04000 	/usr/lib/libMobileGestalt.dylib
0x00007fff3273e000 	/System/Library/Frameworks/CoreVideo.framework/Versions/A/CoreVideo
0x00007fff4d267000 	/System/Library/PrivateFrameworks/GraphVisualizer.framework/Versions/A/GraphVisualizer
0x00007fff4700c000 	/System/Library/PrivateFrameworks/FaceCore.framework/Versions/A/FaceCore
0x00007fff394ab000 	/System/Library/Frameworks/OpenCL.framework/Versions/A/OpenCL
0x00007fff5abeb000 	/usr/lib/libFosl_dynamic.dylib
0x00007fff50c80000 	/System/Library/PrivateFrameworks/OTSVG.framework/Versions/A/OTSVG
0x00007fff2edc4000 	/System/Library/Frameworks/ApplicationServices.framework/Versions/A/Frameworks/ATS.framework/Versions/A/Resources/libFontParser.dylib
0x00007fff2eee4000 	/System/Library/Frameworks/ApplicationServices.framework/Versions/A/Frameworks/ATS.framework/Versions/A/Resources/libFontRegistry.dylib
0x00007fff336d1000 	/System/Library/Frameworks/ImageIO.framework/Versions/A/Resources/libJPEG.dylib
0x00007fff339f3000 	/System/Library/Frameworks/ImageIO.framework/Versions/A/Resources/libTIFF.dylib
0x00007fff339c9000 	/System/Library/Frameworks/ImageIO.framework/Versions/A/Resources/libPng.dylib
0x00007fff335e6000 	/System/Library/Frameworks/ImageIO.framework/Versions/A/Resources/libGIF.dylib
0x00007fff335eb000 	/System/Library/Frameworks/ImageIO.framework/Versions/A/Resources/libJP2.dylib
0x00007fff339f0000 	/System/Library/Frameworks/ImageIO.framework/Versions/A/Resources/libRadiance.dylib
0x00007fff4132c000 	/System/Library/PrivateFrameworks/AppleJPEG.framework/Versions/A/AppleJPEG
0x00007fff39e9e000 	/System/Library/Frameworks/OpenGL.framework/Versions/A/Libraries/libGFXShared.dylib
0x00007fff3a061000 	/System/Library/Frameworks/OpenGL.framework/Versions/A/Libraries/libGLU.dylib
0x00007fff39ea7000 	/System/Library/Frameworks/OpenGL.framework/Versions/A/Libraries/libGL.dylib
0x00007fff39eb3000 	/System/Library/Frameworks/OpenGL.framework/Versions/A/Libraries/libGLImage.dylib
0x00007fff39e90000 	/System/Library/Frameworks/OpenGL.framework/Versions/A/Libraries/libCVMSPluginSupport.dylib
0x00007fff39e99000 	/System/Library/Frameworks/OpenGL.framework/Versions/A/Libraries/libCoreVMClient.dylib
0x00007fff5bb91000 	/usr/lib/libcups.2.dylib
0x00007fff34ade000 	/System/Library/Frameworks/Kerberos.framework/Versions/A/Kerberos
0x00007fff3309c000 	/System/Library/Frameworks/GSS.framework/Versions/A/GSS
0x00007fff5d2fb000 	/usr/lib/libresolv.9.dylib
0x00007fff5bd88000 	/usr/lib/libiconv.2.dylib
0x00007fff4d3c7000 	/System/Library/PrivateFrameworks/Heimdal.framework/Versions/A/Heimdal
0x00007fff5bd57000 	/usr/lib/libheimdal-asn1.dylib
0x00007fff39521000 	/System/Library/Frameworks/OpenDirectory.framework/Versions/A/OpenDirectory
0x00007fff43bea000 	/System/Library/PrivateFrameworks/CommonAuth.framework/Versions/A/CommonAuth
0x00007fff39504000 	/System/Library/Frameworks/OpenDirectory.framework/Versions/A/Frameworks/CFOpenDirectory.framework/Versions/A/CFOpenDirectory
0x00007fff3c686000 	/System/Library/Frameworks/SecurityFoundation.framework/Versions/A/SecurityFoundation
0x00007fff3fddf000 	/System/Library/PrivateFrameworks/APFS.framework/Versions/A/APFS
0x00007fff5d7cb000 	/usr/lib/libutil.dylib
0x00007fff5b22d000 	/usr/lib/libcharset.1.dylib
0x00007fff415c7000 	/System/Library/PrivateFrameworks/AppleSauce.framework/Versions/A/AppleSauce
0x00007fff41755000 	/System/Library/PrivateFrameworks/AssertionServices.framework/Versions/A/AssertionServices
0x00007fff41fc8000 	/System/Library/PrivateFrameworks/BaseBoard.framework/Versions/A/BaseBoard
0x00007fff5c15c000 	/usr/lib/libmecab.1.0.0.dylib
0x00007fff5bd51000 	/usr/lib/libgermantok.dylib
0x00007fff5aff0000 	/usr/lib/libThaiTokenizer.dylib
0x00007fff5ab17000 	/usr/lib/libChineseTokenizer.dylib
0x00007fff4ef5d000 	/System/Library/PrivateFrameworks/LanguageModeling.framework/Versions/A/LanguageModeling
0x00007fff44905000 	/System/Library/PrivateFrameworks/CoreEmoji.framework/Versions/A/CoreEmoji
0x00007fff4f055000 	/System/Library/PrivateFrameworks/Lexicon.framework/Versions/A/Lexicon
0x00007fff4f09d000 	/System/Library/PrivateFrameworks/LinguisticData.framework/Versions/A/LinguisticData
0x00007fff5b22e000 	/usr/lib/libcmph.dylib
0x00007fff3c747000 	/System/Library/Frameworks/ServiceManagement.framework/Versions/A/ServiceManagement
0x00007fff41f1b000 	/System/Library/PrivateFrameworks/BackgroundTaskManagement.framework/Versions/A/BackgroundTaskManagement
0x00007fff5d8c5000 	/usr/lib/libxslt.1.dylib
0x00007fff2feb3000 	/System/Library/Frameworks/Carbon.framework/Versions/A/Frameworks/Ink.framework/Versions/A/Ink
0x00007fff58ab2000 	/System/Library/PrivateFrameworks/TextureIO.framework/Versions/A/TextureIO
0x00007fff5b045000 	/usr/lib/libate.dylib
0x00007fff45c39000 	/System/Library/PrivateFrameworks/CrashReporterSupport.framework/Versions/A/CrashReporterSupport
0x00007fff55ade000 	/System/Library/PrivateFrameworks/Sharing.framework/Versions/A/Sharing
0x00007fff41aa7000 	/System/Library/PrivateFrameworks/AuthKit.framework/Versions/A/AuthKit
0x00007fff40ecb000 	/System/Library/PrivateFrameworks/Apple80211.framework/Versions/A/Apple80211
0x00007fff459f9000 	/System/Library/PrivateFrameworks/CoreUtils.framework/Versions/A/CoreUtils
0x00007fff3277c000 	/System/Library/Frameworks/CoreWLAN.framework/Versions/A/CoreWLAN
0x00007fff331e6000 	/System/Library/Frameworks/IOBluetooth.framework/Versions/A/IOBluetooth
0x00007fff53e0b000 	/System/Library/PrivateFrameworks/ProtocolBuffer.framework/Versions/A/ProtocolBuffer
0x00007fff50064000 	/System/Library/PrivateFrameworks/MobileKeyBag.framework/Versions/A/MobileKeyBag
0x00007fff4521c000 	/System/Library/PrivateFrameworks/CorePhoneNumbers.framework/Versions/A/CorePhoneNumbers
0x00007fff412e0000 	/System/Library/PrivateFrameworks/AppleIDAuthSupport.framework/Versions/A/AppleIDAuthSupport
0x00007fff4ef2f000 	/System/Library/PrivateFrameworks/KeychainCircle.framework/Versions/A/KeychainCircle
0x00007fff53fd8000 	/System/Library/PrivateFrameworks/ROCKit.framework/Versions/A/ROCKit
0x00007fff45bd5000 	/System/Library/PrivateFrameworks/CoreWiFi.framework/Versions/A/CoreWiFi
0x00007fff30420000 	/System/Library/Frameworks/CoreBluetooth.framework/Versions/A/CoreBluetooth
0x00007fff45e29000 	/System/Library/PrivateFrameworks/DebugSymbols.framework/Versions/A/DebugSymbols
0x00007fff457ae000 	/System/Library/PrivateFrameworks/CoreSymbolication.framework/Versions/A/CoreSymbolication
0x00007fff5829d000 	/System/Library/PrivateFrameworks/Symbolication.framework/Versions/A/Symbolication
0x00007fff57430000 	/System/Library/PrivateFrameworks/SpeechRecognitionCore.framework/Versions/A/SpeechRecognitionCore
0x000000010a600000 	/Library/Java/JavaVirtualMachines/jdk1.8.0_192.jdk/Contents/Home/jre/lib/server/libjvm.dylib
0x00007fff5d68f000 	/usr/lib/libstdc++.6.dylib
0x000000010951b000 	/Library/Java/JavaVirtualMachines/jdk1.8.0_192.jdk/Contents/Home/jre/lib/libverify.dylib
0x0000000109529000 	/Library/Java/JavaVirtualMachines/jdk1.8.0_192.jdk/Contents/Home/jre/lib/libjava.dylib
0x00000001095a9000 	/Library/Java/JavaVirtualMachines/jdk1.8.0_192.jdk/Contents/Home/jre/lib/libzip.dylib
0x0000000121c68000 	/Library/Java/JavaVirtualMachines/jdk1.8.0_192.jdk/Contents/Home/jre/lib/libawt.dylib
0x0000000121d11000 	/Library/Java/JavaVirtualMachines/jdk1.8.0_192.jdk/Contents/Home/jre/lib/./libmlib_image.dylib
0x00007fff34ac7000 	/System/Library/Frameworks/JavaVM.framework/Versions/A/Frameworks/JavaNativeFoundation.framework/Versions/A/JavaNativeFoundation
0x00007fff34ad0000 	/System/Library/Frameworks/JavaVM.framework/Versions/A/Frameworks/JavaRuntimeSupport.framework/Versions/A/JavaRuntimeSupport
0x00007fff34ad9000 	/System/Library/Frameworks/JavaVM.framework/Versions/A/JavaVM
0x00007fff4ee46000 	/System/Library/PrivateFrameworks/JavaLaunching.framework/Versions/A/JavaLaunching
0x00007fff2fb9c000 	/System/Library/Frameworks/Carbon.framework/Versions/A/Carbon
0x00007fff2fb9d000 	/System/Library/Frameworks/Carbon.framework/Versions/A/Frameworks/CommonPanels.framework/Versions/A/CommonPanels
0x00007fff2fea9000 	/System/Library/Frameworks/Carbon.framework/Versions/A/Frameworks/Help.framework/Versions/A/Help
0x00007fff2fead000 	/System/Library/Frameworks/Carbon.framework/Versions/A/Frameworks/ImageCapture.framework/Versions/A/ImageCapture
0x00007fff2ff48000 	/System/Library/Frameworks/Carbon.framework/Versions/A/Frameworks/OpenScripting.framework/Versions/A/OpenScripting
0x00007fff2ff83000 	/System/Library/Frameworks/Carbon.framework/Versions/A/Frameworks/Print.framework/Versions/A/Print
0x00007fff2ff85000 	/System/Library/Frameworks/Carbon.framework/Versions/A/Frameworks/SecurityHI.framework/Versions/A/SecurityHI
0x0000000121ddd000 	/Library/Java/JavaVirtualMachines/jdk1.8.0_192.jdk/Contents/Home/jre/lib/libawt_lwawt.dylib
0x0000000121e97000 	/Library/Java/JavaVirtualMachines/jdk1.8.0_192.jdk/Contents/Home/jre/lib/./libosxapp.dylib
0x00007fff32c35000 	/System/Library/Frameworks/ExceptionHandling.framework/Versions/A/ExceptionHandling
0x00007fff453b3000 	/System/Library/PrivateFrameworks/CoreServicesInternal.framework/Versions/A/CoreServicesInternal
0x00007fff26742000 	/System/Library/CoreServices/RawCamera.bundle/Contents/MacOS/RawCamera
0x00007fff4fecf000 	/System/Library/PrivateFrameworks/MobileAsset.framework/Versions/A/MobileAsset
0x00007fff57b21000 	/System/Library/PrivateFrameworks/StreamingZip.framework/Versions/A/StreamingZip
0x00007fff34e79000 	/System/Library/Frameworks/MediaToolbox.framework/Versions/A/MediaToolbox
0x00007fff4448b000 	/System/Library/PrivateFrameworks/CoreAVCHD.framework/Versions/A/CoreAVCHD
0x00007fff34db5000 	/System/Library/Frameworks/MediaAccessibility.framework/Versions/A/MediaAccessibility
0x00007fff4f901000 	/System/Library/PrivateFrameworks/Mangrove.framework/Versions/A/Mangrove
0x00007fff31a30000 	/System/Library/Frameworks/CoreMedia.framework/Versions/A/CoreMedia
0x00007fff3cdd9000 	/System/Library/Frameworks/VideoToolbox.framework/Versions/A/VideoToolbox
0x00007fff440b3000 	/System/Library/PrivateFrameworks/CoreAUC.framework/Versions/A/CoreAUC
0x00007fff5d365000 	/usr/lib/libspindump.dylib
0x00007fff416ba000 	/System/Library/PrivateFrameworks/AppleVA.framework/Versions/A/AppleVA
0x00007fff2cc09000 	/System/Library/Frameworks/Accelerate.framework/Versions/A/Frameworks/vImage.framework/Versions/A/Libraries/libCGInterfaces.dylib
0x00007fff2ef8e000 	/System/Library/Frameworks/ApplicationServices.framework/Versions/A/Frameworks/ATS.framework/Versions/A/Resources/libTrueTypeScaler.dylib
0x00007fff29eb1000 	/System/Library/Extensions/AppleIntelKBLGraphicsMTLDriver.bundle/Contents/MacOS/AppleIntelKBLGraphicsMTLDriver
0x00007fff4ad56000 	/System/Library/PrivateFrameworks/GPUCompiler.framework/Versions/3902/Libraries/libmetal_timestamp.dylib
0x00007fff4743e000 	/System/Library/PrivateFrameworks/FamilyControls.framework/Versions/A/FamilyControls
0x00007fff43bdd000 	/System/Library/PrivateFrameworks/CommerceKit.framework/Versions/A/Frameworks/CommerceCore.framework/Versions/A/CommerceCore
0x00007fff58586000 	/System/Library/PrivateFrameworks/SystemAdministration.framework/Versions/A/SystemAdministration
0x00007fff40dc6000 	/System/Library/PrivateFrameworks/AppContainer.framework/Versions/A/AppContainer
0x00007fff40de3000 	/System/Library/PrivateFrameworks/AppSandbox.framework/Versions/A/AppSandbox
0x00007fff55976000 	/System/Library/PrivateFrameworks/SecCodeWrapper.framework/Versions/A/SecCodeWrapper
0x00007fff5d315000 	/usr/lib/libsandbox.1.dylib
0x00007fff5adcf000 	/usr/lib/libMatch.1.dylib
0x00007fff461c9000 	/System/Library/PrivateFrameworks/DiskManagement.framework/Versions/A/DiskManagement
0x00007fff329a2000 	/System/Library/Frameworks/DirectoryService.framework/Versions/A/DirectoryService
0x00007fff460f6000 	/System/Library/PrivateFrameworks/DiskImages.framework/Versions/A/DiskImages
0x00007fff4f19c000 	/System/Library/PrivateFrameworks/LoginUIKit.framework/Versions/A/Frameworks/LoginUICore.framework/Versions/A/LoginUICore
0x00007fff5ab23000 	/usr/lib/libCoreStorage.dylib
0x00007fff5bb7d000 	/usr/lib/libcsfde.dylib
0x00007fff5d192000 	/usr/lib/libodfde.dylib
0x00007fff4fa22000 	/System/Library/PrivateFrameworks/MediaKit.framework/Versions/A/MediaKit
0x00007fff329ae000 	/System/Library/Frameworks/DiscRecording.framework/Versions/A/DiscRecording
0x00007fff46336000 	/System/Library/PrivateFrameworks/EFILogin.framework/Versions/A/EFILogin
0x00007fff53db3000 	/System/Library/PrivateFrameworks/ProtectedCloudStorage.framework/Versions/A/ProtectedCloudStorage
0x00007fff5bc11000 	/usr/lib/libcurl.4.dylib
0x00007fff5b9e4000 	/usr/lib/libcrypto.42.dylib
0x00007fff5d641000 	/usr/lib/libssl.44.dylib
0x00007fff34af8000 	/System/Library/Frameworks/LDAP.framework/Versions/A/LDAP
0x00007fff58c33000 	/System/Library/PrivateFrameworks/TrustEvaluationAgent.framework/Versions/A/TrustEvaluationAgent
0x00007fff5d352000 	/usr/lib/libsasl2.2.dylib
0x00007fff446ea000 	/System/Library/PrivateFrameworks/CoreDaemon.framework/Versions/B/CoreDaemon
0x00007fff415c2000 	/System/Library/PrivateFrameworks/AppleSRP.framework/Versions/A/AppleSRP
0x00007fff59ae3000 	/System/Library/PrivateFrameworks/ViewBridge.framework/Versions/A/ViewBridge
0x0000000125388000 	/usr/lib/libobjc-trampolines.dylib
0x00007fff3aa5e000 	/System/Library/Frameworks/OpenGL.framework/Versions/A/Resources/GLEngine.bundle/GLEngine
0x00007fff39eee000 	/System/Library/Frameworks/OpenGL.framework/Versions/A/Libraries/libGLProgrammability.dylib
0x00007fff290cf000 	/System/Library/Extensions/AppleIntelKBLGraphicsGLDriver.bundle/Contents/MacOS/AppleIntelKBLGraphicsGLDriver
0x00007fff4c3f0000 	/System/Library/PrivateFrameworks/GPUSupport.framework/Versions/A/Libraries/libGPUSupportMercury.dylib
0x00007fff3abf5000 	/System/Library/Frameworks/OpenGL.framework/Versions/A/Resources/GLRendererFloat.bundle/GLRendererFloat
0x00007fff394a2000 	/System/Library/Frameworks/OpenCL.framework/Versions/A/Libraries/libcldcpuengine.dylib
0x00007fff5b6b9000 	/usr/lib/libcrypto.35.dylib
0x00000001271ca000 	/Library/Java/JavaVirtualMachines/jdk1.8.0_192.jdk/Contents/Home/jre/lib/libfontmanager.dylib
0x0000000127231000 	/Library/Java/JavaVirtualMachines/jdk1.8.0_192.jdk/Contents/Home/jre/lib/libosxui.dylib
0x0000000127c5d000 	/Library/Java/JavaVirtualMachines/jdk1.8.0_192.jdk/Contents/Home/jre/lib/libnet.dylib
0x0000000127c74000 	/Users/worawat/eclipse-workspace/car-simulator-game/lib/natives/liblwjgl.jnilib
0x0000000127cf3000 	/Library/Java/JavaVirtualMachines/jdk1.8.0_192.jdk/Contents/Home/jre/lib/libjawt.dylib
0x00000001261ec000 	/Library/Java/JavaVirtualMachines/jdk1.8.0_192.jdk/Contents/Home/jre/lib/libnio.dylib
0x000000016a0c2000 	/Library/Java/JavaVirtualMachines/jdk1.8.0_192.jdk/Contents/Home/jre/lib/libdcpr.dylib

VM Arguments:
jvm_args: -Djava.library.path=/Users/worawat/eclipse-workspace/car-simulator-game/lib/natives -Dfile.encoding=UTF-8 
java_command: engineTester.Controller
java_class_path (initial): /Users/worawat/eclipse-workspace/car-simulator-game/bin:/Users/worawat/eclipse-workspace/car-simulator-game/lib/jars/lwjgl_util.jar:/Users/worawat/eclipse-workspace/car-simulator-game/lib/jars/lwjgl.jar:/Users/worawat/eclipse-workspace/car-simulator-game/lib/jars/slick-util.jar:/Users/worawat/eclipse-workspace/car-simulator-game/lib/gauge/steelseries-3.9.11.jar:/Users/worawat/eclipse-workspace/car-simulator-game/lib/gauge/trident-1.3.jar
Launcher Type: SUN_STANDARD

Environment Variables:
PATH=/Library/Frameworks/Python.framework/Versions/3.7/bin:/usr/local/bin:/usr/bin:/bin:/usr/sbin:/sbin:/Applications/VMware Fusion.app/Contents/Public:/usr/local/go/bin
SHELL=/bin/zsh

Signal Handlers:
SIGSEGV: [libjvm.dylib+0x5b67a9], sa_mask[0]=11111111011111110111111111111111, sa_flags=SA_ONSTACK|SA_RESTART|SA_SIGINFO
SIGBUS: [libjvm.dylib+0x5b67a9], sa_mask[0]=11111111011111110111111111111111, sa_flags=SA_RESTART|SA_SIGINFO
SIGFPE: [libjvm.dylib+0x48bf5c], sa_mask[0]=11111111011111110111111111111111, sa_flags=SA_RESTART|SA_SIGINFO
SIGPIPE: [libjvm.dylib+0x48bf5c], sa_mask[0]=11111111011111110111111111111111, sa_flags=SA_RESTART|SA_SIGINFO
SIGXFSZ: [libjvm.dylib+0x48bf5c], sa_mask[0]=11111111011111110111111111111111, sa_flags=SA_RESTART|SA_SIGINFO
SIGILL: [libjvm.dylib+0x48bf5c], sa_mask[0]=11111111011111110111111111111111, sa_flags=SA_RESTART|SA_SIGINFO
SIGUSR1: SIG_DFL, sa_mask[0]=00000000000000000000000000000000, sa_flags=none
SIGUSR2: [libjvm.dylib+0x48ba7a], sa_mask[0]=00100000000000000000000000000000, sa_flags=SA_RESTART|SA_SIGINFO
SIGHUP: [libjvm.dylib+0x48a005], sa_mask[0]=11111111011111110111111111111111, sa_flags=SA_RESTART|SA_SIGINFO
SIGINT: [libjvm.dylib+0x48a005], sa_mask[0]=11111111011111110111111111111111, sa_flags=SA_RESTART|SA_SIGINFO
SIGTERM: [libjvm.dylib+0x48a005], sa_mask[0]=11111111011111110111111111111111, sa_flags=SA_RESTART|SA_SIGINFO
SIGQUIT: [libjvm.dylib+0x48a005], sa_mask[0]=11111111011111110111111111111111, sa_flags=SA_RESTART|SA_SIGINFO


---------------  S Y S T E M  ---------------

OS:Bsduname:Darwin 18.2.0 Darwin Kernel Version 18.2.0: Fri Oct  5 19:41:49 PDT 2018; root:xnu-4903.221.2~2/RELEASE_X86_64 x86_64
rlimit: STACK 8192k, CORE 0k, NPROC 709, NOFILE 10240, AS infinity
load average:1.86 1.96 2.07

CPU:total 8 (initial active 8) (4 cores per cpu, 2 threads per core) family 6 model 142 stepping 10, cmov, cx8, fxsr, mmx, sse, sse2, sse3, ssse3, sse4.1, sse4.2, popcnt, avx, avx2, aes, clmul, erms, 3dnowpref, lzcnt, ht, tsc, tscinvbit, bmi1, bmi2, adx

Memory: 4k page, physical 8388608k(44656k free)

/proc/meminfo:


vm_info: Java HotSpot(TM) 64-Bit Server VM (25.192-b12) for bsd-amd64 JRE (1.8.0_192-b12), built on Oct  6 2018 09:36:52 by "java_re" with gcc 4.2.1 (Based on Apple Inc. build 5658) (LLVM build 2336.11.00)

time: Thu Nov 21 15:25:16 2019
timezone: KST
elapsed time: 3 seconds (0d 0h 0m 3s)

